

Started GET "/" for 217.217.108.76 at 2015-06-06 08:02:21 +0000
Processing by Rails::WelcomeController#index as HTML
  Rendered /home/action/.gem/ruby/2.1.1/gems/railties-4.1.0/lib/rails/templates/rails/welcome/index.html.erb (2.0ms)
Completed 200 OK in 27ms (Views: 8.8ms | ActiveRecord: 0.0ms)


Started GET "/" for 217.217.108.76 at 2015-06-06 09:50:31 +0000
Processing by Rails::WelcomeController#index as HTML
  Rendered /home/action/.gem/ruby/2.1.1/gems/railties-4.1.0/lib/rails/templates/rails/welcome/index.html.erb (1.9ms)
Completed 200 OK in 27ms (Views: 8.5ms | ActiveRecord: 0.0ms)


Started GET "/" for 217.217.108.76 at 2015-06-06 10:23:50 +0000
Processing by Rails::WelcomeController#index as HTML
  Rendered /home/action/.gem/ruby/2.1.1/gems/railties-4.1.0/lib/rails/templates/rails/welcome/index.html.erb (1.9ms)
Completed 200 OK in 27ms (Views: 8.4ms | ActiveRecord: 0.0ms)


Started GET "/photos" for 217.217.108.76 at 2015-06-06 10:24:15 +0000

ActionController::RoutingError (No route matches [GET] "/photos"):
  actionpack (4.1.0) lib/action_dispatch/middleware/debug_exceptions.rb:21:in `call'
  actionpack (4.1.0) lib/action_dispatch/middleware/show_exceptions.rb:30:in `call'
  railties (4.1.0) lib/rails/rack/logger.rb:38:in `call_app'
  railties (4.1.0) lib/rails/rack/logger.rb:20:in `block in call'
  activesupport (4.1.0) lib/active_support/tagged_logging.rb:68:in `block in tagged'
  activesupport (4.1.0) lib/active_support/tagged_logging.rb:26:in `tagged'
  activesupport (4.1.0) lib/active_support/tagged_logging.rb:68:in `tagged'
  railties (4.1.0) lib/rails/rack/logger.rb:20:in `call'
  actionpack (4.1.0) lib/action_dispatch/middleware/request_id.rb:21:in `call'
  rack (1.5.3) lib/rack/methodoverride.rb:21:in `call'
  rack (1.5.3) lib/rack/runtime.rb:17:in `call'
  activesupport (4.1.0) lib/active_support/cache/strategy/local_cache_middleware.rb:26:in `call'
  rack (1.5.3) lib/rack/lock.rb:17:in `call'
  actionpack (4.1.0) lib/action_dispatch/middleware/static.rb:64:in `call'
  rack (1.5.3) lib/rack/sendfile.rb:112:in `call'
  railties (4.1.0) lib/rails/engine.rb:514:in `call'
  railties (4.1.0) lib/rails/application.rb:144:in `call'
  rack (1.5.3) lib/rack/lock.rb:17:in `call'
  rack (1.5.3) lib/rack/content_length.rb:14:in `call'
  rack (1.5.3) lib/rack/handler/webrick.rb:60:in `service'
  /home/action/.parts/packages/ruby2.1/2.1.1/lib/ruby/2.1.0/webrick/httpserver.rb:138:in `service'
  /home/action/.parts/packages/ruby2.1/2.1.1/lib/ruby/2.1.0/webrick/httpserver.rb:94:in `run'
  /home/action/.parts/packages/ruby2.1/2.1.1/lib/ruby/2.1.0/webrick/server.rb:295:in `block in start_thread'


  Rendered /home/action/.gem/ruby/2.1.1/gems/actionpack-4.1.0/lib/action_dispatch/middleware/templates/rescues/_trace.html.erb (1.2ms)
  Rendered /home/action/.gem/ruby/2.1.1/gems/actionpack-4.1.0/lib/action_dispatch/middleware/templates/routes/_table.html.erb (7.8ms)
  Rendered /home/action/.gem/ruby/2.1.1/gems/actionpack-4.1.0/lib/action_dispatch/middleware/templates/rescues/routing_error.html.erb within rescues/layout (27.1ms)


Started GET "/" for 217.217.108.76 at 2015-06-06 10:25:13 +0000

ActiveRecord::PendingMigrationError (

Migrations are pending. To resolve this issue, run:

	bin/rake db:migrate RAILS_ENV=development

):
  activerecord (4.1.0) lib/active_record/migration.rb:389:in `check_pending!'
  activerecord (4.1.0) lib/active_record/migration.rb:377:in `call'
  actionpack (4.1.0) lib/action_dispatch/middleware/callbacks.rb:29:in `block in call'
  activesupport (4.1.0) lib/active_support/callbacks.rb:82:in `run_callbacks'
  actionpack (4.1.0) lib/action_dispatch/middleware/callbacks.rb:27:in `call'
  actionpack (4.1.0) lib/action_dispatch/middleware/reloader.rb:73:in `call'
  actionpack (4.1.0) lib/action_dispatch/middleware/remote_ip.rb:76:in `call'
  actionpack (4.1.0) lib/action_dispatch/middleware/debug_exceptions.rb:17:in `call'
  actionpack (4.1.0) lib/action_dispatch/middleware/show_exceptions.rb:30:in `call'
  railties (4.1.0) lib/rails/rack/logger.rb:38:in `call_app'
  railties (4.1.0) lib/rails/rack/logger.rb:20:in `block in call'
  activesupport (4.1.0) lib/active_support/tagged_logging.rb:68:in `block in tagged'
  activesupport (4.1.0) lib/active_support/tagged_logging.rb:26:in `tagged'
  activesupport (4.1.0) lib/active_support/tagged_logging.rb:68:in `tagged'
  railties (4.1.0) lib/rails/rack/logger.rb:20:in `call'
  actionpack (4.1.0) lib/action_dispatch/middleware/request_id.rb:21:in `call'
  rack (1.5.3) lib/rack/methodoverride.rb:21:in `call'
  rack (1.5.3) lib/rack/runtime.rb:17:in `call'
  activesupport (4.1.0) lib/active_support/cache/strategy/local_cache_middleware.rb:26:in `call'
  rack (1.5.3) lib/rack/lock.rb:17:in `call'
  actionpack (4.1.0) lib/action_dispatch/middleware/static.rb:64:in `call'
  rack (1.5.3) lib/rack/sendfile.rb:112:in `call'
  railties (4.1.0) lib/rails/engine.rb:514:in `call'
  railties (4.1.0) lib/rails/application.rb:144:in `call'
  rack (1.5.3) lib/rack/lock.rb:17:in `call'
  rack (1.5.3) lib/rack/content_length.rb:14:in `call'
  rack (1.5.3) lib/rack/handler/webrick.rb:60:in `service'
  /home/action/.parts/packages/ruby2.1/2.1.1/lib/ruby/2.1.0/webrick/httpserver.rb:138:in `service'
  /home/action/.parts/packages/ruby2.1/2.1.1/lib/ruby/2.1.0/webrick/httpserver.rb:94:in `run'
  /home/action/.parts/packages/ruby2.1/2.1.1/lib/ruby/2.1.0/webrick/server.rb:295:in `block in start_thread'


  Rendered /home/action/.gem/ruby/2.1.1/gems/actionpack-4.1.0/lib/action_dispatch/middleware/templates/rescues/_source.erb (0.6ms)
  Rendered /home/action/.gem/ruby/2.1.1/gems/actionpack-4.1.0/lib/action_dispatch/middleware/templates/rescues/_trace.html.erb (1.3ms)
  Rendered /home/action/.gem/ruby/2.1.1/gems/actionpack-4.1.0/lib/action_dispatch/middleware/templates/rescues/_request_and_response.html.erb (1.3ms)
  Rendered /home/action/.gem/ruby/2.1.1/gems/actionpack-4.1.0/lib/action_dispatch/middleware/templates/rescues/diagnostics.erb within rescues/layout (25.6ms)
  [1m[36m (30.5ms)[0m  [1mCREATE TABLE "schema_migrations" ("version" varchar(255) NOT NULL) [0m
  [1m[35m (0.1ms)[0m  select sqlite_version(*)
  [1m[36m (12.3ms)[0m  [1mCREATE UNIQUE INDEX "unique_schema_migrations" ON "schema_migrations" ("version")[0m
  [1m[35mActiveRecord::SchemaMigration Load (0.1ms)[0m  SELECT "schema_migrations".* FROM "schema_migrations"
Migrating to CreatePhotos (20150606102451)
  [1m[36m (0.1ms)[0m  [1mbegin transaction[0m
  [1m[35m (0.4ms)[0m  CREATE TABLE "photos" ("id" INTEGER PRIMARY KEY AUTOINCREMENT NOT NULL, "picture" varchar(255), "created_at" datetime, "updated_at" datetime) 
  [1m[36mSQL (0.2ms)[0m  [1mINSERT INTO "schema_migrations" ("version") VALUES (?)[0m  [["version", "20150606102451"]]
  [1m[35m (14.3ms)[0m  commit transaction
  [1m[36mActiveRecord::SchemaMigration Load (0.1ms)[0m  [1mSELECT "schema_migrations".* FROM "schema_migrations"[0m


Started GET "/photos" for 217.217.108.76 at 2015-06-06 10:29:02 +0000
  [1m[36mActiveRecord::SchemaMigration Load (0.1ms)[0m  [1mSELECT "schema_migrations".* FROM "schema_migrations"[0m
Processing by PhotosController#index as HTML
  [1m[35mPhoto Load (0.2ms)[0m  SELECT "photos".* FROM "photos"
  Rendered photos/index.html.erb within layouts/application (2.6ms)
Completed 200 OK in 1494ms (Views: 1473.8ms | ActiveRecord: 0.2ms)


Started GET "/assets/photos.css?body=1" for 217.217.108.76 at 2015-06-06 10:29:04 +0000


Started GET "/assets/photos.js?body=1" for 217.217.108.76 at 2015-06-06 10:29:04 +0000


Started GET "/assets/turbolinks.js?body=1" for 217.217.108.76 at 2015-06-06 10:29:04 +0000


Started GET "/assets/jquery_ujs.js?body=1" for 217.217.108.76 at 2015-06-06 10:29:04 +0000


Started GET "/assets/application.js?body=1" for 217.217.108.76 at 2015-06-06 10:29:04 +0000


Started GET "/assets/jquery.js?body=1" for 217.217.108.76 at 2015-06-06 10:29:04 +0000


Started GET "/assets/application.css?body=1" for 217.217.108.76 at 2015-06-06 10:29:04 +0000


Started GET "/assets/scaffolds.css?body=1" for 217.217.108.76 at 2015-06-06 10:29:04 +0000


Started GET "/photos/new" for 217.217.108.76 at 2015-06-06 10:33:24 +0000
Processing by PhotosController#new as HTML
  Rendered photos/_form.html.erb (20.9ms)
  Rendered photos/new.html.erb within layouts/application (25.4ms)
Completed 200 OK in 78ms (Views: 76.1ms | ActiveRecord: 0.4ms)


Started GET "/assets/photos.css?body=1" for 217.217.108.76 at 2015-06-06 10:33:24 +0000


Started GET "/assets/photos.js?body=1" for 217.217.108.76 at 2015-06-06 10:33:24 +0000


Started GET "/assets/scaffolds.css?body=1" for 217.217.108.76 at 2015-06-06 10:33:24 +0000


Started GET "/photos/new" for 217.217.108.76 at 2015-06-06 10:49:12 +0000
Processing by PhotosController#new as HTML
  Rendered photos/_form.html.erb (2.3ms)
  Rendered photos/new.html.erb within layouts/application (3.9ms)
Completed 200 OK in 83ms (Views: 82.3ms | ActiveRecord: 0.0ms)


Started GET "/photos/new" for 217.217.108.76 at 2015-06-06 11:04:00 +0000
Processing by PhotosController#new as HTML
  Rendered photos/_form.html.erb (1.5ms)
  Rendered photos/new.html.erb within layouts/application (2.5ms)
Completed 200 OK in 45ms (Views: 44.0ms | ActiveRecord: 0.0ms)


Started GET "/assets/photos.css?body=1" for 217.217.108.76 at 2015-06-06 11:04:00 +0000


Started GET "/assets/photos.js?body=1" for 217.217.108.76 at 2015-06-06 11:04:00 +0000


Started GET "/assets/turbolinks.js?body=1" for 217.217.108.76 at 2015-06-06 11:04:00 +0000


Started GET "/assets/scaffolds.css?body=1" for 217.217.108.76 at 2015-06-06 11:04:00 +0000


Started GET "/assets/jquery_ujs.js?body=1" for 217.217.108.76 at 2015-06-06 11:04:00 +0000


Started GET "/assets/jquery.js?body=1" for 217.217.108.76 at 2015-06-06 11:04:00 +0000


Started GET "/assets/application.css?body=1" for 217.217.108.76 at 2015-06-06 11:04:00 +0000


Started GET "/assets/application.js?body=1" for 217.217.108.76 at 2015-06-06 11:04:00 +0000


Started GET "/photos/new" for 217.217.108.76 at 2015-06-06 11:31:51 +0000
  [1m[36mActiveRecord::SchemaMigration Load (0.1ms)[0m  [1mSELECT "schema_migrations".* FROM "schema_migrations"[0m
Processing by PhotosController#new as HTML
  Rendered photos/_form.html.erb (19.4ms)
  Rendered photos/new.html.erb within layouts/application (24.1ms)
Completed 200 OK in 129ms (Views: 108.1ms | ActiveRecord: 0.3ms)


Started GET "/assets/photos.css?body=1" for 217.217.108.76 at 2015-06-06 11:31:51 +0000


Started GET "/assets/turbolinks.js?body=1" for 217.217.108.76 at 2015-06-06 11:31:52 +0000


Started GET "/assets/jquery.js?body=1" for 217.217.108.76 at 2015-06-06 11:31:52 +0000


Started GET "/assets/scaffolds.css?body=1" for 217.217.108.76 at 2015-06-06 11:31:52 +0000


Started GET "/assets/photos.js?body=1" for 217.217.108.76 at 2015-06-06 11:31:52 +0000


Started GET "/assets/application.css?body=1" for 217.217.108.76 at 2015-06-06 11:31:52 +0000


Started GET "/assets/jquery_ujs.js?body=1" for 217.217.108.76 at 2015-06-06 11:31:52 +0000


Started GET "/assets/application.js?body=1" for 217.217.108.76 at 2015-06-06 11:31:52 +0000


Started GET "/photos" for 217.217.108.76 at 2015-06-06 11:32:02 +0000
Processing by PhotosController#index as HTML
  [1m[35mPhoto Load (0.2ms)[0m  SELECT "photos".* FROM "photos"
  Rendered photos/index.html.erb within layouts/application (1.5ms)
Completed 200 OK in 47ms (Views: 46.1ms | ActiveRecord: 0.2ms)


Started GET "/assets/photos.css?body=1" for 217.217.108.76 at 2015-06-06 11:32:02 +0000


Started GET "/assets/application.js?body=1" for 217.217.108.76 at 2015-06-06 11:32:02 +0000


Started GET "/assets/application.css?body=1" for 217.217.108.76 at 2015-06-06 11:32:02 +0000


Started GET "/assets/photos.js?body=1" for 217.217.108.76 at 2015-06-06 11:32:02 +0000


Started GET "/photos/new" for 217.217.108.76 at 2015-06-06 11:32:07 +0000
Processing by PhotosController#new as HTML
  Rendered photos/_form.html.erb (2.2ms)
  Rendered photos/new.html.erb within layouts/application (3.7ms)
Completed 200 OK in 76ms (Views: 75.8ms | ActiveRecord: 0.0ms)


Started POST "/photos" for 217.217.108.76 at 2015-06-06 11:32:10 +0000
Processing by PhotosController#create as HTML
  Parameters: {"utf8"=>"✓", "authenticity_token"=>"a4AC10QSLIS+HxeLdIuu1MGrAuUsBAmigsoySwdW9JA=", "photo"=>{"picture"=>""}, "commit"=>"Create Photo"}
  [1m[36m (0.1ms)[0m  [1mbegin transaction[0m
  [1m[35mSQL (0.5ms)[0m  INSERT INTO "photos" ("created_at", "picture", "updated_at") VALUES (?, ?, ?)  [["created_at", "2015-06-06 11:32:10.364783"], ["picture", ""], ["updated_at", "2015-06-06 11:32:10.364783"]]
  [1m[36m (24.3ms)[0m  [1mcommit transaction[0m
Redirected to http://railsgirls-230069.euw1.nitrousbox.com/photos/1
Completed 302 Found in 31ms (ActiveRecord: 24.9ms)


Started GET "/photos/1" for 217.217.108.76 at 2015-06-06 11:32:10 +0000
Processing by PhotosController#show as HTML
  Parameters: {"id"=>"1"}
  [1m[35mPhoto Load (0.2ms)[0m  SELECT  "photos".* FROM "photos"  WHERE "photos"."id" = ? LIMIT 1  [["id", 1]]
  Rendered photos/show.html.erb within layouts/application (0.9ms)
Completed 200 OK in 47ms (Views: 44.9ms | ActiveRecord: 0.2ms)


Started GET "/assets/photos.css?body=1" for 217.217.108.76 at 2015-06-06 11:32:10 +0000


Started GET "/assets/application.css?body=1" for 217.217.108.76 at 2015-06-06 11:32:10 +0000


Started GET "/assets/application.js?body=1" for 217.217.108.76 at 2015-06-06 11:32:10 +0000


Started GET "/assets/photos.js?body=1" for 217.217.108.76 at 2015-06-06 11:32:10 +0000


Started GET "/photos/new" for 217.217.108.76 at 2015-06-06 11:32:41 +0000
Processing by PhotosController#new as HTML
  Rendered photos/_form.html.erb (2.2ms)
  Rendered photos/new.html.erb within layouts/application (3.3ms)
Completed 200 OK in 46ms (Views: 45.1ms | ActiveRecord: 0.0ms)


Started GET "/assets/photos.css?body=1" for 217.217.108.76 at 2015-06-06 11:32:41 +0000


Started GET "/assets/photos.js?body=1" for 217.217.108.76 at 2015-06-06 11:32:41 +0000


Started GET "/assets/application.js?body=1" for 217.217.108.76 at 2015-06-06 11:32:41 +0000


Started GET "/assets/application.css?body=1" for 217.217.108.76 at 2015-06-06 11:32:41 +0000


Started POST "/photos" for 217.217.108.76 at 2015-06-06 11:32:48 +0000
Processing by PhotosController#create as HTML
  Parameters: {"utf8"=>"✓", "authenticity_token"=>"a4AC10QSLIS+HxeLdIuu1MGrAuUsBAmigsoySwdW9JA=", "photo"=>{"picture"=>""}, "commit"=>"Create Photo"}
  [1m[36m (0.1ms)[0m  [1mbegin transaction[0m
  [1m[35mSQL (0.3ms)[0m  INSERT INTO "photos" ("created_at", "picture", "updated_at") VALUES (?, ?, ?)  [["created_at", "2015-06-06 11:32:48.978423"], ["picture", ""], ["updated_at", "2015-06-06 11:32:48.978423"]]
  [1m[36m (25.2ms)[0m  [1mcommit transaction[0m
Redirected to http://railsgirls-230069.euw1.nitrousbox.com/photos/2
Completed 302 Found in 29ms (ActiveRecord: 25.6ms)


Started GET "/photos/2" for 217.217.108.76 at 2015-06-06 11:32:49 +0000
Processing by PhotosController#show as HTML
  Parameters: {"id"=>"2"}
  [1m[35mPhoto Load (0.3ms)[0m  SELECT  "photos".* FROM "photos"  WHERE "photos"."id" = ? LIMIT 1  [["id", 2]]
  Rendered photos/show.html.erb within layouts/application (0.4ms)
Completed 200 OK in 49ms (Views: 47.7ms | ActiveRecord: 0.3ms)


Started GET "/assets/application.css?body=1" for 217.217.108.76 at 2015-06-06 11:32:49 +0000


Started GET "/assets/photos.css?body=1" for 217.217.108.76 at 2015-06-06 11:32:49 +0000


Started GET "/assets/application.js?body=1" for 217.217.108.76 at 2015-06-06 11:32:49 +0000


Started GET "/assets/photos.js?body=1" for 217.217.108.76 at 2015-06-06 11:32:49 +0000


Started POST "/photos" for 217.217.108.76 at 2015-06-06 11:33:52 +0000
Processing by PhotosController#create as HTML
  Parameters: {"utf8"=>"✓", "authenticity_token"=>"a4AC10QSLIS+HxeLdIuu1MGrAuUsBAmigsoySwdW9JA=", "photo"=>{"picture"=>""}, "commit"=>"Create Photo"}
  [1m[36m (0.1ms)[0m  [1mbegin transaction[0m
  [1m[35mSQL (0.3ms)[0m  INSERT INTO "photos" ("created_at", "picture", "updated_at") VALUES (?, ?, ?)  [["created_at", "2015-06-06 11:33:52.597079"], ["picture", ""], ["updated_at", "2015-06-06 11:33:52.597079"]]
  [1m[36m (24.9ms)[0m  [1mcommit transaction[0m
Redirected to http://railsgirls-230069.euw1.nitrousbox.com/photos/3
Completed 302 Found in 28ms (ActiveRecord: 25.3ms)


Started GET "/photos/3" for 217.217.108.76 at 2015-06-06 11:33:52 +0000
Processing by PhotosController#show as HTML
  Parameters: {"id"=>"3"}
  [1m[35mPhoto Load (0.2ms)[0m  SELECT  "photos".* FROM "photos"  WHERE "photos"."id" = ? LIMIT 1  [["id", 3]]
  Rendered photos/show.html.erb within layouts/application (0.4ms)
Completed 200 OK in 42ms (Views: 41.1ms | ActiveRecord: 0.2ms)


Started GET "/assets/photos.css?body=1" for 217.217.108.76 at 2015-06-06 11:33:53 +0000


Started GET "/assets/application.css?body=1" for 217.217.108.76 at 2015-06-06 11:33:53 +0000


Started GET "/assets/application.js?body=1" for 217.217.108.76 at 2015-06-06 11:33:53 +0000


Started GET "/assets/photos.js?body=1" for 217.217.108.76 at 2015-06-06 11:33:53 +0000


Started POST "/photos" for 217.217.108.76 at 2015-06-06 11:34:09 +0000
Processing by PhotosController#create as HTML
  Parameters: {"utf8"=>"✓", "authenticity_token"=>"a4AC10QSLIS+HxeLdIuu1MGrAuUsBAmigsoySwdW9JA=", "photo"=>{"picture"=>"hola"}, "commit"=>"Create Photo"}
  [1m[36m (0.1ms)[0m  [1mbegin transaction[0m
  [1m[35mSQL (0.3ms)[0m  INSERT INTO "photos" ("created_at", "picture", "updated_at") VALUES (?, ?, ?)  [["created_at", "2015-06-06 11:34:09.791070"], ["picture", "hola"], ["updated_at", "2015-06-06 11:34:09.791070"]]
  [1m[36m (30.1ms)[0m  [1mcommit transaction[0m
Redirected to http://railsgirls-230069.euw1.nitrousbox.com/photos/4
Completed 302 Found in 33ms (ActiveRecord: 30.4ms)


Started GET "/photos/4" for 217.217.108.76 at 2015-06-06 11:34:10 +0000
Processing by PhotosController#show as HTML
  Parameters: {"id"=>"4"}
  [1m[35mPhoto Load (0.2ms)[0m  SELECT  "photos".* FROM "photos"  WHERE "photos"."id" = ? LIMIT 1  [["id", 4]]
  Rendered photos/show.html.erb within layouts/application (0.4ms)
Completed 200 OK in 44ms (Views: 42.4ms | ActiveRecord: 0.2ms)


Started GET "/assets/application.css?body=1" for 217.217.108.76 at 2015-06-06 11:34:10 +0000


Started GET "/assets/photos.css?body=1" for 217.217.108.76 at 2015-06-06 11:34:10 +0000


Started GET "/assets/photos.js?body=1" for 217.217.108.76 at 2015-06-06 11:34:10 +0000


Started GET "/assets/application.js?body=1" for 217.217.108.76 at 2015-06-06 11:34:10 +0000


Started GET "/photos/4/edit" for 217.217.108.76 at 2015-06-06 11:34:13 +0000
Processing by PhotosController#edit as HTML
  Parameters: {"id"=>"4"}
  [1m[36mPhoto Load (0.2ms)[0m  [1mSELECT  "photos".* FROM "photos"  WHERE "photos"."id" = ? LIMIT 1[0m  [["id", 4]]
  Rendered photos/_form.html.erb (1.7ms)
  Rendered photos/edit.html.erb within layouts/application (3.2ms)
Completed 200 OK in 46ms (Views: 44.5ms | ActiveRecord: 0.2ms)


Started GET "/photos/4/edit" for 217.217.108.76 at 2015-06-06 11:36:24 +0000
Processing by PhotosController#edit as HTML
  Parameters: {"id"=>"4"}
  [1m[35mPhoto Load (0.2ms)[0m  SELECT  "photos".* FROM "photos"  WHERE "photos"."id" = ? LIMIT 1  [["id", 4]]
  Rendered photos/_form.html.erb (0.7ms)
  Rendered photos/edit.html.erb within layouts/application (1.9ms)
Completed 500 Internal Server Error in 5ms

SyntaxError (/home/action/pic-home/app/views/photos/_form.html.erb:22: syntax error, unexpected keyword_ensure, expecting end-of-input):
  app/views/photos/edit.html.erb:3:in `_app_views_photos_edit_html_erb__1919526220996227580_70279746520320'


  Rendered /home/action/.gem/ruby/2.1.1/gems/actionpack-4.1.0/lib/action_dispatch/middleware/templates/rescues/_source.erb (0.6ms)
  Rendered /home/action/.gem/ruby/2.1.1/gems/actionpack-4.1.0/lib/action_dispatch/middleware/templates/rescues/_trace.html.erb (1.3ms)
  Rendered /home/action/.gem/ruby/2.1.1/gems/actionpack-4.1.0/lib/action_dispatch/middleware/templates/rescues/_request_and_response.html.erb (1.1ms)
  Rendered /home/action/.gem/ruby/2.1.1/gems/actionpack-4.1.0/lib/action_dispatch/middleware/templates/rescues/diagnostics.erb within rescues/layout (20.3ms)


Started GET "/photos/4/edit" for 217.217.108.76 at 2015-06-06 11:40:12 +0000
  [1m[36mActiveRecord::SchemaMigration Load (0.1ms)[0m  [1mSELECT "schema_migrations".* FROM "schema_migrations"[0m
Processing by PhotosController#edit as HTML
  Parameters: {"id"=>"4"}
  [1m[35mPhoto Load (0.2ms)[0m  SELECT  "photos".* FROM "photos"  WHERE "photos"."id" = ? LIMIT 1  [["id", 4]]
  Rendered photos/_form.html.erb (0.7ms)
  Rendered photos/edit.html.erb within layouts/application (5.2ms)
Completed 500 Internal Server Error in 36ms

SyntaxError (/home/action/pic-home/app/views/photos/_form.html.erb:22: syntax error, unexpected keyword_ensure, expecting end-of-input):
  app/views/photos/edit.html.erb:3:in `_app_views_photos_edit_html_erb___3220727664239393921_70202476117520'


  Rendered /home/action/.gem/ruby/2.1.1/gems/actionpack-4.1.0/lib/action_dispatch/middleware/templates/rescues/_source.erb (0.7ms)
  Rendered /home/action/.gem/ruby/2.1.1/gems/actionpack-4.1.0/lib/action_dispatch/middleware/templates/rescues/_trace.html.erb (1.6ms)
  Rendered /home/action/.gem/ruby/2.1.1/gems/actionpack-4.1.0/lib/action_dispatch/middleware/templates/rescues/_request_and_response.html.erb (1.1ms)
  Rendered /home/action/.gem/ruby/2.1.1/gems/actionpack-4.1.0/lib/action_dispatch/middleware/templates/rescues/diagnostics.erb within rescues/layout (21.1ms)


Started GET "/photos" for 217.217.108.76 at 2015-06-06 11:40:21 +0000
Processing by PhotosController#index as HTML
  [1m[36mPhoto Load (0.3ms)[0m  [1mSELECT "photos".* FROM "photos"[0m
  Rendered photos/index.html.erb within layouts/application (7.3ms)
Completed 200 OK in 88ms (Views: 87.1ms | ActiveRecord: 0.3ms)


Started GET "/assets/photos.css?body=1" for 217.217.108.76 at 2015-06-06 11:40:21 +0000


Started GET "/assets/application.css?body=1" for 217.217.108.76 at 2015-06-06 11:40:21 +0000


Started GET "/assets/photos.js?body=1" for 217.217.108.76 at 2015-06-06 11:40:21 +0000


Started GET "/assets/application.js?body=1" for 217.217.108.76 at 2015-06-06 11:40:21 +0000


Started GET "/assets/scaffolds.css?body=1" for 217.217.108.76 at 2015-06-06 11:40:21 +0000


Started GET "/photos/1" for 217.217.108.76 at 2015-06-06 11:40:25 +0000
Processing by PhotosController#show as HTML
  Parameters: {"id"=>"1"}
  [1m[35mPhoto Load (0.1ms)[0m  SELECT  "photos".* FROM "photos"  WHERE "photos"."id" = ? LIMIT 1  [["id", 1]]
  Rendered photos/show.html.erb within layouts/application (0.9ms)
Completed 200 OK in 46ms (Views: 44.5ms | ActiveRecord: 0.1ms)


Started GET "/photos/new" for 217.217.108.76 at 2015-06-06 11:40:31 +0000
Processing by PhotosController#new as HTML
  Rendered photos/_form.html.erb (0.7ms)
  Rendered photos/new.html.erb within layouts/application (2.1ms)
Completed 500 Internal Server Error in 5ms

SyntaxError (/home/action/pic-home/app/views/photos/_form.html.erb:22: syntax error, unexpected keyword_ensure, expecting end-of-input):
  app/views/photos/new.html.erb:3:in `_app_views_photos_new_html_erb__1865742217212444224_70202467749160'


  Rendered /home/action/.gem/ruby/2.1.1/gems/actionpack-4.1.0/lib/action_dispatch/middleware/templates/rescues/_source.erb (0.7ms)
  Rendered /home/action/.gem/ruby/2.1.1/gems/actionpack-4.1.0/lib/action_dispatch/middleware/templates/rescues/_trace.html.erb (1.6ms)
  Rendered /home/action/.gem/ruby/2.1.1/gems/actionpack-4.1.0/lib/action_dispatch/middleware/templates/rescues/_request_and_response.html.erb (1.0ms)
  Rendered /home/action/.gem/ruby/2.1.1/gems/actionpack-4.1.0/lib/action_dispatch/middleware/templates/rescues/diagnostics.erb within rescues/layout (21.6ms)


Started GET "/photos/new" for 217.217.108.76 at 2015-06-06 11:40:32 +0000
Processing by PhotosController#new as HTML
  Rendered photos/_form.html.erb (0.6ms)
  Rendered photos/new.html.erb within layouts/application (1.8ms)
Completed 500 Internal Server Error in 4ms

SyntaxError (/home/action/pic-home/app/views/photos/_form.html.erb:22: syntax error, unexpected keyword_ensure, expecting end-of-input):
  app/views/photos/new.html.erb:3:in `_app_views_photos_new_html_erb__1865742217212444224_70202458338140'


  Rendered /home/action/.gem/ruby/2.1.1/gems/actionpack-4.1.0/lib/action_dispatch/middleware/templates/rescues/_source.erb (0.7ms)
  Rendered /home/action/.gem/ruby/2.1.1/gems/actionpack-4.1.0/lib/action_dispatch/middleware/templates/rescues/_trace.html.erb (1.5ms)
  Rendered /home/action/.gem/ruby/2.1.1/gems/actionpack-4.1.0/lib/action_dispatch/middleware/templates/rescues/_request_and_response.html.erb (0.9ms)
  Rendered /home/action/.gem/ruby/2.1.1/gems/actionpack-4.1.0/lib/action_dispatch/middleware/templates/rescues/diagnostics.erb within rescues/layout (21.2ms)


Started GET "/photos/new" for 217.217.108.76 at 2015-06-06 11:41:06 +0000
Processing by PhotosController#new as HTML
  Rendered photos/_form.html.erb (0.6ms)
  Rendered photos/new.html.erb within layouts/application (1.4ms)
Completed 500 Internal Server Error in 4ms

SyntaxError (/home/action/pic-home/app/views/photos/_form.html.erb:22: syntax error, unexpected keyword_ensure, expecting end-of-input):
  app/views/photos/new.html.erb:3:in `_app_views_photos_new_html_erb__1865742217212444224_70202458338140'


  Rendered /home/action/.gem/ruby/2.1.1/gems/actionpack-4.1.0/lib/action_dispatch/middleware/templates/rescues/_source.erb (0.7ms)
  Rendered /home/action/.gem/ruby/2.1.1/gems/actionpack-4.1.0/lib/action_dispatch/middleware/templates/rescues/_trace.html.erb (1.6ms)
  Rendered /home/action/.gem/ruby/2.1.1/gems/actionpack-4.1.0/lib/action_dispatch/middleware/templates/rescues/_request_and_response.html.erb (1.0ms)
  Rendered /home/action/.gem/ruby/2.1.1/gems/actionpack-4.1.0/lib/action_dispatch/middleware/templates/rescues/diagnostics.erb within rescues/layout (20.7ms)


Started GET "/photos/new" for 217.217.108.76 at 2015-06-06 11:41:38 +0000
Processing by PhotosController#new as HTML
  Rendered photos/_form.html.erb (0.7ms)
  Rendered photos/new.html.erb within layouts/application (1.5ms)
Completed 500 Internal Server Error in 4ms

SyntaxError (/home/action/pic-home/app/views/photos/_form.html.erb:22: syntax error, unexpected keyword_ensure, expecting end-of-input):
  app/views/photos/new.html.erb:3:in `_app_views_photos_new_html_erb__1865742217212444224_70202458338140'


  Rendered /home/action/.gem/ruby/2.1.1/gems/actionpack-4.1.0/lib/action_dispatch/middleware/templates/rescues/_source.erb (0.6ms)
  Rendered /home/action/.gem/ruby/2.1.1/gems/actionpack-4.1.0/lib/action_dispatch/middleware/templates/rescues/_trace.html.erb (1.5ms)
  Rendered /home/action/.gem/ruby/2.1.1/gems/actionpack-4.1.0/lib/action_dispatch/middleware/templates/rescues/_request_and_response.html.erb (1.0ms)
  Rendered /home/action/.gem/ruby/2.1.1/gems/actionpack-4.1.0/lib/action_dispatch/middleware/templates/rescues/diagnostics.erb within rescues/layout (20.7ms)


Started GET "/photos" for 217.217.108.76 at 2015-06-06 11:41:52 +0000
Processing by PhotosController#index as HTML
  [1m[36mPhoto Load (0.3ms)[0m  [1mSELECT "photos".* FROM "photos"[0m
  Rendered photos/index.html.erb within layouts/application (15.2ms)
Completed 200 OK in 58ms (Views: 56.2ms | ActiveRecord: 0.3ms)


Started GET "/assets/photos.css?body=1" for 217.217.108.76 at 2015-06-06 11:41:52 +0000


Started GET "/assets/turbolinks.js?body=1" for 217.217.108.76 at 2015-06-06 11:41:53 +0000


Started GET "/assets/jquery_ujs.js?body=1" for 217.217.108.76 at 2015-06-06 11:41:53 +0000


Started GET "/assets/scaffolds.css?body=1" for 217.217.108.76 at 2015-06-06 11:41:53 +0000


Started GET "/assets/application.css?body=1" for 217.217.108.76 at 2015-06-06 11:41:53 +0000


Started GET "/assets/photos.js?body=1" for 217.217.108.76 at 2015-06-06 11:41:53 +0000


Started GET "/assets/jquery.js?body=1" for 217.217.108.76 at 2015-06-06 11:41:53 +0000


Started GET "/assets/application.js?body=1" for 217.217.108.76 at 2015-06-06 11:41:53 +0000


Started GET "/images/hola" for 217.217.108.76 at 2015-06-06 11:41:53 +0000

ActionController::RoutingError (No route matches [GET] "/images/hola"):
  actionpack (4.1.0) lib/action_dispatch/middleware/debug_exceptions.rb:21:in `call'
  actionpack (4.1.0) lib/action_dispatch/middleware/show_exceptions.rb:30:in `call'
  railties (4.1.0) lib/rails/rack/logger.rb:38:in `call_app'
  railties (4.1.0) lib/rails/rack/logger.rb:20:in `block in call'
  activesupport (4.1.0) lib/active_support/tagged_logging.rb:68:in `block in tagged'
  activesupport (4.1.0) lib/active_support/tagged_logging.rb:26:in `tagged'
  activesupport (4.1.0) lib/active_support/tagged_logging.rb:68:in `tagged'
  railties (4.1.0) lib/rails/rack/logger.rb:20:in `call'
  actionpack (4.1.0) lib/action_dispatch/middleware/request_id.rb:21:in `call'
  rack (1.5.3) lib/rack/methodoverride.rb:21:in `call'
  rack (1.5.3) lib/rack/runtime.rb:17:in `call'
  activesupport (4.1.0) lib/active_support/cache/strategy/local_cache_middleware.rb:26:in `call'
  rack (1.5.3) lib/rack/lock.rb:17:in `call'
  actionpack (4.1.0) lib/action_dispatch/middleware/static.rb:64:in `call'
  rack (1.5.3) lib/rack/sendfile.rb:112:in `call'
  railties (4.1.0) lib/rails/engine.rb:514:in `call'
  railties (4.1.0) lib/rails/application.rb:144:in `call'
  rack (1.5.3) lib/rack/lock.rb:17:in `call'
  rack (1.5.3) lib/rack/content_length.rb:14:in `call'
  rack (1.5.3) lib/rack/handler/webrick.rb:60:in `service'
  /home/action/.parts/packages/ruby2.1/2.1.1/lib/ruby/2.1.0/webrick/httpserver.rb:138:in `service'
  /home/action/.parts/packages/ruby2.1/2.1.1/lib/ruby/2.1.0/webrick/httpserver.rb:94:in `run'
  /home/action/.parts/packages/ruby2.1/2.1.1/lib/ruby/2.1.0/webrick/server.rb:295:in `block in start_thread'


  Rendered /home/action/.gem/ruby/2.1.1/gems/actionpack-4.1.0/lib/action_dispatch/middleware/templates/rescues/_trace.html.erb (1.2ms)
  Rendered /home/action/.gem/ruby/2.1.1/gems/actionpack-4.1.0/lib/action_dispatch/middleware/templates/routes/_route.html.erb (1.4ms)
  Rendered /home/action/.gem/ruby/2.1.1/gems/actionpack-4.1.0/lib/action_dispatch/middleware/templates/routes/_table.html.erb (8.3ms)
  Rendered /home/action/.gem/ruby/2.1.1/gems/actionpack-4.1.0/lib/action_dispatch/middleware/templates/rescues/routing_error.html.erb within rescues/layout (32.7ms)


Started GET "/photos" for 217.217.108.76 at 2015-06-06 11:41:53 +0000
Processing by PhotosController#index as HTML
  [1m[35mPhoto Load (0.2ms)[0m  SELECT "photos".* FROM "photos"
  Rendered photos/index.html.erb within layouts/application (11.8ms)
Completed 200 OK in 61ms (Views: 60.4ms | ActiveRecord: 0.2ms)


Started GET "/images/hola" for 217.217.108.76 at 2015-06-06 11:41:53 +0000

ActionController::RoutingError (No route matches [GET] "/images/hola"):
  actionpack (4.1.0) lib/action_dispatch/middleware/debug_exceptions.rb:21:in `call'
  actionpack (4.1.0) lib/action_dispatch/middleware/show_exceptions.rb:30:in `call'
  railties (4.1.0) lib/rails/rack/logger.rb:38:in `call_app'
  railties (4.1.0) lib/rails/rack/logger.rb:20:in `block in call'
  activesupport (4.1.0) lib/active_support/tagged_logging.rb:68:in `block in tagged'
  activesupport (4.1.0) lib/active_support/tagged_logging.rb:26:in `tagged'
  activesupport (4.1.0) lib/active_support/tagged_logging.rb:68:in `tagged'
  railties (4.1.0) lib/rails/rack/logger.rb:20:in `call'
  actionpack (4.1.0) lib/action_dispatch/middleware/request_id.rb:21:in `call'
  rack (1.5.3) lib/rack/methodoverride.rb:21:in `call'
  rack (1.5.3) lib/rack/runtime.rb:17:in `call'
  activesupport (4.1.0) lib/active_support/cache/strategy/local_cache_middleware.rb:26:in `call'
  rack (1.5.3) lib/rack/lock.rb:17:in `call'
  actionpack (4.1.0) lib/action_dispatch/middleware/static.rb:64:in `call'
  rack (1.5.3) lib/rack/sendfile.rb:112:in `call'
  railties (4.1.0) lib/rails/engine.rb:514:in `call'
  railties (4.1.0) lib/rails/application.rb:144:in `call'
  rack (1.5.3) lib/rack/lock.rb:17:in `call'
  rack (1.5.3) lib/rack/content_length.rb:14:in `call'
  rack (1.5.3) lib/rack/handler/webrick.rb:60:in `service'
  /home/action/.parts/packages/ruby2.1/2.1.1/lib/ruby/2.1.0/webrick/httpserver.rb:138:in `service'
  /home/action/.parts/packages/ruby2.1/2.1.1/lib/ruby/2.1.0/webrick/httpserver.rb:94:in `run'
  /home/action/.parts/packages/ruby2.1/2.1.1/lib/ruby/2.1.0/webrick/server.rb:295:in `block in start_thread'


  Rendered /home/action/.gem/ruby/2.1.1/gems/actionpack-4.1.0/lib/action_dispatch/middleware/templates/rescues/_trace.html.erb (1.4ms)
  Rendered /home/action/.gem/ruby/2.1.1/gems/actionpack-4.1.0/lib/action_dispatch/middleware/templates/routes/_route.html.erb (1.4ms)
  Rendered /home/action/.gem/ruby/2.1.1/gems/actionpack-4.1.0/lib/action_dispatch/middleware/templates/routes/_table.html.erb (1.2ms)
  Rendered /home/action/.gem/ruby/2.1.1/gems/actionpack-4.1.0/lib/action_dispatch/middleware/templates/rescues/routing_error.html.erb within rescues/layout (24.5ms)


Started GET "/assets/application.css?body=1" for 217.217.108.76 at 2015-06-06 11:41:54 +0000


Started GET "/assets/photos.js?body=1" for 217.217.108.76 at 2015-06-06 11:41:54 +0000


Started GET "/assets/photos.css?body=1" for 217.217.108.76 at 2015-06-06 11:41:54 +0000


Started GET "/assets/application.js?body=1" for 217.217.108.76 at 2015-06-06 11:41:54 +0000


Started GET "/images/hola" for 217.217.108.76 at 2015-06-06 11:41:54 +0000

ActionController::RoutingError (No route matches [GET] "/images/hola"):
  actionpack (4.1.0) lib/action_dispatch/middleware/debug_exceptions.rb:21:in `call'
  actionpack (4.1.0) lib/action_dispatch/middleware/show_exceptions.rb:30:in `call'
  railties (4.1.0) lib/rails/rack/logger.rb:38:in `call_app'
  railties (4.1.0) lib/rails/rack/logger.rb:20:in `block in call'
  activesupport (4.1.0) lib/active_support/tagged_logging.rb:68:in `block in tagged'
  activesupport (4.1.0) lib/active_support/tagged_logging.rb:26:in `tagged'
  activesupport (4.1.0) lib/active_support/tagged_logging.rb:68:in `tagged'
  railties (4.1.0) lib/rails/rack/logger.rb:20:in `call'
  actionpack (4.1.0) lib/action_dispatch/middleware/request_id.rb:21:in `call'
  rack (1.5.3) lib/rack/methodoverride.rb:21:in `call'
  rack (1.5.3) lib/rack/runtime.rb:17:in `call'
  activesupport (4.1.0) lib/active_support/cache/strategy/local_cache_middleware.rb:26:in `call'
  rack (1.5.3) lib/rack/lock.rb:17:in `call'
  actionpack (4.1.0) lib/action_dispatch/middleware/static.rb:64:in `call'
  rack (1.5.3) lib/rack/sendfile.rb:112:in `call'
  railties (4.1.0) lib/rails/engine.rb:514:in `call'
  railties (4.1.0) lib/rails/application.rb:144:in `call'
  rack (1.5.3) lib/rack/lock.rb:17:in `call'
  rack (1.5.3) lib/rack/content_length.rb:14:in `call'
  rack (1.5.3) lib/rack/handler/webrick.rb:60:in `service'
  /home/action/.parts/packages/ruby2.1/2.1.1/lib/ruby/2.1.0/webrick/httpserver.rb:138:in `service'
  /home/action/.parts/packages/ruby2.1/2.1.1/lib/ruby/2.1.0/webrick/httpserver.rb:94:in `run'
  /home/action/.parts/packages/ruby2.1/2.1.1/lib/ruby/2.1.0/webrick/server.rb:295:in `block in start_thread'


  Rendered /home/action/.gem/ruby/2.1.1/gems/actionpack-4.1.0/lib/action_dispatch/middleware/templates/rescues/_trace.html.erb (1.0ms)
  Rendered /home/action/.gem/ruby/2.1.1/gems/actionpack-4.1.0/lib/action_dispatch/middleware/templates/routes/_route.html.erb (1.1ms)
  Rendered /home/action/.gem/ruby/2.1.1/gems/actionpack-4.1.0/lib/action_dispatch/middleware/templates/routes/_table.html.erb (1.0ms)
  Rendered /home/action/.gem/ruby/2.1.1/gems/actionpack-4.1.0/lib/action_dispatch/middleware/templates/rescues/routing_error.html.erb within rescues/layout (22.8ms)


Started GET "/photos/4/edit" for 217.217.108.76 at 2015-06-06 11:41:59 +0000
Processing by PhotosController#edit as HTML
  Parameters: {"id"=>"4"}
  [1m[36mPhoto Load (0.2ms)[0m  [1mSELECT  "photos".* FROM "photos"  WHERE "photos"."id" = ? LIMIT 1[0m  [["id", 4]]
  Rendered photos/_form.html.erb (0.6ms)
  Rendered photos/edit.html.erb within layouts/application (1.9ms)
Completed 500 Internal Server Error in 5ms

SyntaxError (/home/action/pic-home/app/views/photos/_form.html.erb:22: syntax error, unexpected keyword_ensure, expecting end-of-input):
  app/views/photos/edit.html.erb:3:in `_app_views_photos_edit_html_erb___3220727664239393921_70202478679520'


  Rendered /home/action/.gem/ruby/2.1.1/gems/actionpack-4.1.0/lib/action_dispatch/middleware/templates/rescues/_source.erb (0.6ms)
  Rendered /home/action/.gem/ruby/2.1.1/gems/actionpack-4.1.0/lib/action_dispatch/middleware/templates/rescues/_trace.html.erb (1.3ms)
  Rendered /home/action/.gem/ruby/2.1.1/gems/actionpack-4.1.0/lib/action_dispatch/middleware/templates/rescues/_request_and_response.html.erb (0.8ms)
  Rendered /home/action/.gem/ruby/2.1.1/gems/actionpack-4.1.0/lib/action_dispatch/middleware/templates/rescues/diagnostics.erb within rescues/layout (20.3ms)


Started GET "/photos/4/edit" for 217.217.108.76 at 2015-06-06 11:41:59 +0000
Processing by PhotosController#edit as HTML
  Parameters: {"id"=>"4"}
  [1m[35mPhoto Load (0.2ms)[0m  SELECT  "photos".* FROM "photos"  WHERE "photos"."id" = ? LIMIT 1  [["id", 4]]
  Rendered photos/_form.html.erb (0.6ms)
  Rendered photos/edit.html.erb within layouts/application (1.4ms)
Completed 500 Internal Server Error in 5ms

SyntaxError (/home/action/pic-home/app/views/photos/_form.html.erb:22: syntax error, unexpected keyword_ensure, expecting end-of-input):
  app/views/photos/edit.html.erb:3:in `_app_views_photos_edit_html_erb___3220727664239393921_70202476117520'


  Rendered /home/action/.gem/ruby/2.1.1/gems/actionpack-4.1.0/lib/action_dispatch/middleware/templates/rescues/_source.erb (0.6ms)
  Rendered /home/action/.gem/ruby/2.1.1/gems/actionpack-4.1.0/lib/action_dispatch/middleware/templates/rescues/_trace.html.erb (1.3ms)
  Rendered /home/action/.gem/ruby/2.1.1/gems/actionpack-4.1.0/lib/action_dispatch/middleware/templates/rescues/_request_and_response.html.erb (0.9ms)
  Rendered /home/action/.gem/ruby/2.1.1/gems/actionpack-4.1.0/lib/action_dispatch/middleware/templates/rescues/diagnostics.erb within rescues/layout (20.2ms)


Started GET "/photos/4/edit" for 217.217.108.76 at 2015-06-06 11:43:40 +0000
Processing by PhotosController#edit as HTML
  Parameters: {"id"=>"4"}
  [1m[36mPhoto Load (0.1ms)[0m  [1mSELECT  "photos".* FROM "photos"  WHERE "photos"."id" = ? LIMIT 1[0m  [["id", 4]]
  Rendered photos/_form.html.erb (0.7ms)
  Rendered photos/edit.html.erb within layouts/application (1.5ms)
Completed 500 Internal Server Error in 5ms

SyntaxError (/home/action/pic-home/app/views/photos/_form.html.erb:22: syntax error, unexpected keyword_ensure, expecting end-of-input):
  app/views/photos/edit.html.erb:3:in `_app_views_photos_edit_html_erb___3220727664239393921_70202476117520'


  Rendered /home/action/.gem/ruby/2.1.1/gems/actionpack-4.1.0/lib/action_dispatch/middleware/templates/rescues/_source.erb (0.6ms)
  Rendered /home/action/.gem/ruby/2.1.1/gems/actionpack-4.1.0/lib/action_dispatch/middleware/templates/rescues/_trace.html.erb (1.4ms)
  Rendered /home/action/.gem/ruby/2.1.1/gems/actionpack-4.1.0/lib/action_dispatch/middleware/templates/rescues/_request_and_response.html.erb (1.0ms)
  Rendered /home/action/.gem/ruby/2.1.1/gems/actionpack-4.1.0/lib/action_dispatch/middleware/templates/rescues/diagnostics.erb within rescues/layout (20.6ms)


Started GET "/photos" for 217.217.108.76 at 2015-06-06 11:43:46 +0000
Processing by PhotosController#index as HTML
  [1m[35mPhoto Load (0.3ms)[0m  SELECT "photos".* FROM "photos"
  Rendered photos/index.html.erb within layouts/application (13.7ms)
Completed 200 OK in 62ms (Views: 60.9ms | ActiveRecord: 0.3ms)


Started GET "/assets/photos.css?body=1" for 217.217.108.76 at 2015-06-06 11:43:46 +0000


Started GET "/assets/photos.js?body=1" for 217.217.108.76 at 2015-06-06 11:43:46 +0000


Started GET "/assets/turbolinks.js?body=1" for 217.217.108.76 at 2015-06-06 11:43:46 +0000


Started GET "/assets/jquery.js?body=1" for 217.217.108.76 at 2015-06-06 11:43:46 +0000


Started GET "/assets/application.css?body=1" for 217.217.108.76 at 2015-06-06 11:43:46 +0000


Started GET "/assets/jquery_ujs.js?body=1" for 217.217.108.76 at 2015-06-06 11:43:46 +0000


Started GET "/assets/application.js?body=1" for 217.217.108.76 at 2015-06-06 11:43:47 +0000


Started GET "/images/hola" for 217.217.108.76 at 2015-06-06 11:43:47 +0000

ActionController::RoutingError (No route matches [GET] "/images/hola"):
  actionpack (4.1.0) lib/action_dispatch/middleware/debug_exceptions.rb:21:in `call'
  actionpack (4.1.0) lib/action_dispatch/middleware/show_exceptions.rb:30:in `call'
  railties (4.1.0) lib/rails/rack/logger.rb:38:in `call_app'
  railties (4.1.0) lib/rails/rack/logger.rb:20:in `block in call'
  activesupport (4.1.0) lib/active_support/tagged_logging.rb:68:in `block in tagged'
  activesupport (4.1.0) lib/active_support/tagged_logging.rb:26:in `tagged'
  activesupport (4.1.0) lib/active_support/tagged_logging.rb:68:in `tagged'
  railties (4.1.0) lib/rails/rack/logger.rb:20:in `call'
  actionpack (4.1.0) lib/action_dispatch/middleware/request_id.rb:21:in `call'
  rack (1.5.3) lib/rack/methodoverride.rb:21:in `call'
  rack (1.5.3) lib/rack/runtime.rb:17:in `call'
  activesupport (4.1.0) lib/active_support/cache/strategy/local_cache_middleware.rb:26:in `call'
  rack (1.5.3) lib/rack/lock.rb:17:in `call'
  actionpack (4.1.0) lib/action_dispatch/middleware/static.rb:64:in `call'
  rack (1.5.3) lib/rack/sendfile.rb:112:in `call'
  railties (4.1.0) lib/rails/engine.rb:514:in `call'
  railties (4.1.0) lib/rails/application.rb:144:in `call'
  rack (1.5.3) lib/rack/lock.rb:17:in `call'
  rack (1.5.3) lib/rack/content_length.rb:14:in `call'
  rack (1.5.3) lib/rack/handler/webrick.rb:60:in `service'
  /home/action/.parts/packages/ruby2.1/2.1.1/lib/ruby/2.1.0/webrick/httpserver.rb:138:in `service'
  /home/action/.parts/packages/ruby2.1/2.1.1/lib/ruby/2.1.0/webrick/httpserver.rb:94:in `run'
  /home/action/.parts/packages/ruby2.1/2.1.1/lib/ruby/2.1.0/webrick/server.rb:295:in `block in start_thread'


  Rendered /home/action/.gem/ruby/2.1.1/gems/actionpack-4.1.0/lib/action_dispatch/middleware/templates/rescues/_trace.html.erb (1.0ms)
  Rendered /home/action/.gem/ruby/2.1.1/gems/actionpack-4.1.0/lib/action_dispatch/middleware/templates/routes/_route.html.erb (1.2ms)
  Rendered /home/action/.gem/ruby/2.1.1/gems/actionpack-4.1.0/lib/action_dispatch/middleware/templates/routes/_table.html.erb (1.0ms)
  Rendered /home/action/.gem/ruby/2.1.1/gems/actionpack-4.1.0/lib/action_dispatch/middleware/templates/rescues/routing_error.html.erb within rescues/layout (22.8ms)


Started GET "/assets/scaffolds.css?body=1" for 217.217.108.76 at 2015-06-06 11:43:48 +0000


Started GET "/photos" for 217.217.108.76 at 2015-06-06 11:43:48 +0000
Processing by PhotosController#index as HTML
  [1m[36mPhoto Load (0.2ms)[0m  [1mSELECT "photos".* FROM "photos"[0m
  Rendered photos/index.html.erb within layouts/application (11.3ms)
Completed 200 OK in 52ms (Views: 51.1ms | ActiveRecord: 0.2ms)


Started GET "/assets/application.css?body=1" for 217.217.108.76 at 2015-06-06 11:43:48 +0000


Started GET "/assets/photos.js?body=1" for 217.217.108.76 at 2015-06-06 11:43:48 +0000


Started GET "/assets/photos.css?body=1" for 217.217.108.76 at 2015-06-06 11:43:48 +0000


Started GET "/assets/application.js?body=1" for 217.217.108.76 at 2015-06-06 11:43:48 +0000


Started GET "/images/hola" for 217.217.108.76 at 2015-06-06 11:43:48 +0000

ActionController::RoutingError (No route matches [GET] "/images/hola"):
  actionpack (4.1.0) lib/action_dispatch/middleware/debug_exceptions.rb:21:in `call'
  actionpack (4.1.0) lib/action_dispatch/middleware/show_exceptions.rb:30:in `call'
  railties (4.1.0) lib/rails/rack/logger.rb:38:in `call_app'
  railties (4.1.0) lib/rails/rack/logger.rb:20:in `block in call'
  activesupport (4.1.0) lib/active_support/tagged_logging.rb:68:in `block in tagged'
  activesupport (4.1.0) lib/active_support/tagged_logging.rb:26:in `tagged'
  activesupport (4.1.0) lib/active_support/tagged_logging.rb:68:in `tagged'
  railties (4.1.0) lib/rails/rack/logger.rb:20:in `call'
  actionpack (4.1.0) lib/action_dispatch/middleware/request_id.rb:21:in `call'
  rack (1.5.3) lib/rack/methodoverride.rb:21:in `call'
  rack (1.5.3) lib/rack/runtime.rb:17:in `call'
  activesupport (4.1.0) lib/active_support/cache/strategy/local_cache_middleware.rb:26:in `call'
  rack (1.5.3) lib/rack/lock.rb:17:in `call'
  actionpack (4.1.0) lib/action_dispatch/middleware/static.rb:64:in `call'
  rack (1.5.3) lib/rack/sendfile.rb:112:in `call'
  railties (4.1.0) lib/rails/engine.rb:514:in `call'
  railties (4.1.0) lib/rails/application.rb:144:in `call'
  rack (1.5.3) lib/rack/lock.rb:17:in `call'
  rack (1.5.3) lib/rack/content_length.rb:14:in `call'
  rack (1.5.3) lib/rack/handler/webrick.rb:60:in `service'
  /home/action/.parts/packages/ruby2.1/2.1.1/lib/ruby/2.1.0/webrick/httpserver.rb:138:in `service'
  /home/action/.parts/packages/ruby2.1/2.1.1/lib/ruby/2.1.0/webrick/httpserver.rb:94:in `run'
  /home/action/.parts/packages/ruby2.1/2.1.1/lib/ruby/2.1.0/webrick/server.rb:295:in `block in start_thread'


  Rendered /home/action/.gem/ruby/2.1.1/gems/actionpack-4.1.0/lib/action_dispatch/middleware/templates/rescues/_trace.html.erb (1.2ms)
  Rendered /home/action/.gem/ruby/2.1.1/gems/actionpack-4.1.0/lib/action_dispatch/middleware/templates/routes/_route.html.erb (1.4ms)
  Rendered /home/action/.gem/ruby/2.1.1/gems/actionpack-4.1.0/lib/action_dispatch/middleware/templates/routes/_table.html.erb (1.2ms)
  Rendered /home/action/.gem/ruby/2.1.1/gems/actionpack-4.1.0/lib/action_dispatch/middleware/templates/rescues/routing_error.html.erb within rescues/layout (24.3ms)


Started GET "/photos/4/edit" for 217.217.108.76 at 2015-06-06 11:43:51 +0000
Processing by PhotosController#edit as HTML
  Parameters: {"id"=>"4"}
  [1m[35mPhoto Load (0.2ms)[0m  SELECT  "photos".* FROM "photos"  WHERE "photos"."id" = ? LIMIT 1  [["id", 4]]
  Rendered photos/_form.html.erb (0.7ms)
  Rendered photos/edit.html.erb within layouts/application (1.7ms)
Completed 500 Internal Server Error in 5ms

SyntaxError (/home/action/pic-home/app/views/photos/_form.html.erb:22: syntax error, unexpected keyword_ensure, expecting end-of-input):
  app/views/photos/edit.html.erb:3:in `_app_views_photos_edit_html_erb___3220727664239393921_70202478679520'


  Rendered /home/action/.gem/ruby/2.1.1/gems/actionpack-4.1.0/lib/action_dispatch/middleware/templates/rescues/_source.erb (0.7ms)
  Rendered /home/action/.gem/ruby/2.1.1/gems/actionpack-4.1.0/lib/action_dispatch/middleware/templates/rescues/_trace.html.erb (6.9ms)
  Rendered /home/action/.gem/ruby/2.1.1/gems/actionpack-4.1.0/lib/action_dispatch/middleware/templates/rescues/_request_and_response.html.erb (1.1ms)
  Rendered /home/action/.gem/ruby/2.1.1/gems/actionpack-4.1.0/lib/action_dispatch/middleware/templates/rescues/diagnostics.erb within rescues/layout (27.0ms)


Started GET "/photos/4/edit" for 217.217.108.76 at 2015-06-06 11:43:51 +0000
Processing by PhotosController#edit as HTML
  Parameters: {"id"=>"4"}
  [1m[36mPhoto Load (0.2ms)[0m  [1mSELECT  "photos".* FROM "photos"  WHERE "photos"."id" = ? LIMIT 1[0m  [["id", 4]]
  Rendered photos/_form.html.erb (0.8ms)
  Rendered photos/edit.html.erb within layouts/application (1.6ms)
Completed 500 Internal Server Error in 5ms

SyntaxError (/home/action/pic-home/app/views/photos/_form.html.erb:22: syntax error, unexpected keyword_ensure, expecting end-of-input):
  app/views/photos/edit.html.erb:3:in `_app_views_photos_edit_html_erb___3220727664239393921_70202476117520'


  Rendered /home/action/.gem/ruby/2.1.1/gems/actionpack-4.1.0/lib/action_dispatch/middleware/templates/rescues/_source.erb (0.7ms)
  Rendered /home/action/.gem/ruby/2.1.1/gems/actionpack-4.1.0/lib/action_dispatch/middleware/templates/rescues/_trace.html.erb (1.5ms)
  Rendered /home/action/.gem/ruby/2.1.1/gems/actionpack-4.1.0/lib/action_dispatch/middleware/templates/rescues/_request_and_response.html.erb (1.0ms)
  Rendered /home/action/.gem/ruby/2.1.1/gems/actionpack-4.1.0/lib/action_dispatch/middleware/templates/rescues/diagnostics.erb within rescues/layout (20.8ms)


Started GET "/photos/4" for 217.217.108.76 at 2015-06-06 11:43:58 +0000
Processing by PhotosController#show as HTML
  Parameters: {"id"=>"4"}
  [1m[35mPhoto Load (0.1ms)[0m  SELECT  "photos".* FROM "photos"  WHERE "photos"."id" = ? LIMIT 1  [["id", 4]]
  Rendered photos/show.html.erb within layouts/application (0.4ms)
Completed 200 OK in 48ms (Views: 46.6ms | ActiveRecord: 0.1ms)


Started GET "/photos/4/edit" for 217.217.108.76 at 2015-06-06 11:44:01 +0000
Processing by PhotosController#edit as HTML
  Parameters: {"id"=>"4"}
  [1m[36mPhoto Load (0.2ms)[0m  [1mSELECT  "photos".* FROM "photos"  WHERE "photos"."id" = ? LIMIT 1[0m  [["id", 4]]
  Rendered photos/_form.html.erb (0.7ms)
  Rendered photos/edit.html.erb within layouts/application (1.7ms)
Completed 500 Internal Server Error in 5ms

SyntaxError (/home/action/pic-home/app/views/photos/_form.html.erb:22: syntax error, unexpected keyword_ensure, expecting end-of-input):
  app/views/photos/edit.html.erb:3:in `_app_views_photos_edit_html_erb___3220727664239393921_70202478679520'


  Rendered /home/action/.gem/ruby/2.1.1/gems/actionpack-4.1.0/lib/action_dispatch/middleware/templates/rescues/_source.erb (0.7ms)
  Rendered /home/action/.gem/ruby/2.1.1/gems/actionpack-4.1.0/lib/action_dispatch/middleware/templates/rescues/_trace.html.erb (1.6ms)
  Rendered /home/action/.gem/ruby/2.1.1/gems/actionpack-4.1.0/lib/action_dispatch/middleware/templates/rescues/_request_and_response.html.erb (1.0ms)
  Rendered /home/action/.gem/ruby/2.1.1/gems/actionpack-4.1.0/lib/action_dispatch/middleware/templates/rescues/diagnostics.erb within rescues/layout (21.4ms)


Started GET "/photos/4/edit" for 217.217.108.76 at 2015-06-06 11:44:01 +0000
Processing by PhotosController#edit as HTML
  Parameters: {"id"=>"4"}
  [1m[35mPhoto Load (0.2ms)[0m  SELECT  "photos".* FROM "photos"  WHERE "photos"."id" = ? LIMIT 1  [["id", 4]]
  Rendered photos/_form.html.erb (1.0ms)
  Rendered photos/edit.html.erb within layouts/application (2.3ms)
Completed 500 Internal Server Error in 6ms

SyntaxError (/home/action/pic-home/app/views/photos/_form.html.erb:22: syntax error, unexpected keyword_ensure, expecting end-of-input):
  app/views/photos/edit.html.erb:3:in `_app_views_photos_edit_html_erb___3220727664239393921_70202476117520'


  Rendered /home/action/.gem/ruby/2.1.1/gems/actionpack-4.1.0/lib/action_dispatch/middleware/templates/rescues/_source.erb (1.2ms)
  Rendered /home/action/.gem/ruby/2.1.1/gems/actionpack-4.1.0/lib/action_dispatch/middleware/templates/rescues/_trace.html.erb (1.7ms)
  Rendered /home/action/.gem/ruby/2.1.1/gems/actionpack-4.1.0/lib/action_dispatch/middleware/templates/rescues/_request_and_response.html.erb (1.3ms)
  Rendered /home/action/.gem/ruby/2.1.1/gems/actionpack-4.1.0/lib/action_dispatch/middleware/templates/rescues/diagnostics.erb within rescues/layout (24.7ms)


Started GET "/photos" for 217.217.108.76 at 2015-06-06 11:44:06 +0000
Processing by PhotosController#index as HTML
  [1m[36mPhoto Load (0.2ms)[0m  [1mSELECT "photos".* FROM "photos"[0m
  Rendered photos/index.html.erb within layouts/application (12.8ms)
Completed 200 OK in 62ms (Views: 61.3ms | ActiveRecord: 0.2ms)


Started GET "/images/hola" for 217.217.108.76 at 2015-06-06 11:44:06 +0000

ActionController::RoutingError (No route matches [GET] "/images/hola"):
  actionpack (4.1.0) lib/action_dispatch/middleware/debug_exceptions.rb:21:in `call'
  actionpack (4.1.0) lib/action_dispatch/middleware/show_exceptions.rb:30:in `call'
  railties (4.1.0) lib/rails/rack/logger.rb:38:in `call_app'
  railties (4.1.0) lib/rails/rack/logger.rb:20:in `block in call'
  activesupport (4.1.0) lib/active_support/tagged_logging.rb:68:in `block in tagged'
  activesupport (4.1.0) lib/active_support/tagged_logging.rb:26:in `tagged'
  activesupport (4.1.0) lib/active_support/tagged_logging.rb:68:in `tagged'
  railties (4.1.0) lib/rails/rack/logger.rb:20:in `call'
  actionpack (4.1.0) lib/action_dispatch/middleware/request_id.rb:21:in `call'
  rack (1.5.3) lib/rack/methodoverride.rb:21:in `call'
  rack (1.5.3) lib/rack/runtime.rb:17:in `call'
  activesupport (4.1.0) lib/active_support/cache/strategy/local_cache_middleware.rb:26:in `call'
  rack (1.5.3) lib/rack/lock.rb:17:in `call'
  actionpack (4.1.0) lib/action_dispatch/middleware/static.rb:64:in `call'
  rack (1.5.3) lib/rack/sendfile.rb:112:in `call'
  railties (4.1.0) lib/rails/engine.rb:514:in `call'
  railties (4.1.0) lib/rails/application.rb:144:in `call'
  rack (1.5.3) lib/rack/lock.rb:17:in `call'
  rack (1.5.3) lib/rack/content_length.rb:14:in `call'
  rack (1.5.3) lib/rack/handler/webrick.rb:60:in `service'
  /home/action/.parts/packages/ruby2.1/2.1.1/lib/ruby/2.1.0/webrick/httpserver.rb:138:in `service'
  /home/action/.parts/packages/ruby2.1/2.1.1/lib/ruby/2.1.0/webrick/httpserver.rb:94:in `run'
  /home/action/.parts/packages/ruby2.1/2.1.1/lib/ruby/2.1.0/webrick/server.rb:295:in `block in start_thread'


  Rendered /home/action/.gem/ruby/2.1.1/gems/actionpack-4.1.0/lib/action_dispatch/middleware/templates/rescues/_trace.html.erb (0.9ms)
  Rendered /home/action/.gem/ruby/2.1.1/gems/actionpack-4.1.0/lib/action_dispatch/middleware/templates/routes/_route.html.erb (1.1ms)
  Rendered /home/action/.gem/ruby/2.1.1/gems/actionpack-4.1.0/lib/action_dispatch/middleware/templates/routes/_table.html.erb (1.0ms)
  Rendered /home/action/.gem/ruby/2.1.1/gems/actionpack-4.1.0/lib/action_dispatch/middleware/templates/rescues/routing_error.html.erb within rescues/layout (22.2ms)


Started GET "/photos/new" for 217.217.108.76 at 2015-06-06 11:44:11 +0000
Processing by PhotosController#new as HTML
  Rendered photos/_form.html.erb (0.6ms)
  Rendered photos/new.html.erb within layouts/application (1.6ms)
Completed 500 Internal Server Error in 4ms

SyntaxError (/home/action/pic-home/app/views/photos/_form.html.erb:22: syntax error, unexpected keyword_ensure, expecting end-of-input):
  app/views/photos/new.html.erb:3:in `_app_views_photos_new_html_erb__1865742217212444224_70202467749160'


  Rendered /home/action/.gem/ruby/2.1.1/gems/actionpack-4.1.0/lib/action_dispatch/middleware/templates/rescues/_source.erb (0.7ms)
  Rendered /home/action/.gem/ruby/2.1.1/gems/actionpack-4.1.0/lib/action_dispatch/middleware/templates/rescues/_trace.html.erb (1.2ms)
  Rendered /home/action/.gem/ruby/2.1.1/gems/actionpack-4.1.0/lib/action_dispatch/middleware/templates/rescues/_request_and_response.html.erb (0.8ms)
  Rendered /home/action/.gem/ruby/2.1.1/gems/actionpack-4.1.0/lib/action_dispatch/middleware/templates/rescues/diagnostics.erb within rescues/layout (21.2ms)


Started GET "/photos/new" for 217.217.108.76 at 2015-06-06 11:44:11 +0000
Processing by PhotosController#new as HTML
  Rendered photos/_form.html.erb (0.7ms)
  Rendered photos/new.html.erb within layouts/application (1.4ms)
Completed 500 Internal Server Error in 4ms

SyntaxError (/home/action/pic-home/app/views/photos/_form.html.erb:22: syntax error, unexpected keyword_ensure, expecting end-of-input):
  app/views/photos/new.html.erb:3:in `_app_views_photos_new_html_erb__1865742217212444224_70202458338140'


  Rendered /home/action/.gem/ruby/2.1.1/gems/actionpack-4.1.0/lib/action_dispatch/middleware/templates/rescues/_source.erb (0.6ms)
  Rendered /home/action/.gem/ruby/2.1.1/gems/actionpack-4.1.0/lib/action_dispatch/middleware/templates/rescues/_trace.html.erb (1.4ms)
  Rendered /home/action/.gem/ruby/2.1.1/gems/actionpack-4.1.0/lib/action_dispatch/middleware/templates/rescues/_request_and_response.html.erb (1.0ms)
  Rendered /home/action/.gem/ruby/2.1.1/gems/actionpack-4.1.0/lib/action_dispatch/middleware/templates/rescues/diagnostics.erb within rescues/layout (24.3ms)
  [1m[36mActiveRecord::SchemaMigration Load (0.1ms)[0m  [1mSELECT "schema_migrations".* FROM "schema_migrations"[0m
Migrating to CreateComments (20150606121009)
  [1m[35m (0.1ms)[0m  begin transaction
  [1m[36m (0.5ms)[0m  [1mCREATE TABLE "comments" ("id" INTEGER PRIMARY KEY AUTOINCREMENT NOT NULL, "text" varchar(255), "photo_id" integer, "created_at" datetime, "updated_at" datetime) [0m
  [1m[35mSQL (0.2ms)[0m  INSERT INTO "schema_migrations" ("version") VALUES (?)  [["version", "20150606121009"]]
  [1m[36m (35.4ms)[0m  [1mcommit transaction[0m
  [1m[35mActiveRecord::SchemaMigration Load (0.1ms)[0m  SELECT "schema_migrations".* FROM "schema_migrations"


Started GET "/photos" for 217.217.108.76 at 2015-06-06 13:46:33 +0000
  [1m[36mActiveRecord::SchemaMigration Load (0.1ms)[0m  [1mSELECT "schema_migrations".* FROM "schema_migrations"[0m
Processing by PhotosController#index as HTML
  [1m[35mPhoto Load (0.2ms)[0m  SELECT "photos".* FROM "photos"
  Rendered photos/index.html.erb within layouts/application (7.9ms)
  Rendered photos/_form.html.erb (3.4ms)
Completed 500 Internal Server Error in 643ms

ActionView::Template::Error (First argument in form cannot contain nil or be empty):
    1: <%= form_for( @photo ) do |f| %>
    2:   <div id="upload_file">
    3:     <button class="upload_button">Upload photo</button>
    4: 
  app/views/photos/_form.html.erb:1:in `_app_views_photos__form_html_erb__4520968976722898726_70313936936580'
  app/views/layouts/application.html.erb:18:in `_app_views_layouts_application_html_erb__4121247139657744550_70313935409560'


  Rendered /home/action/.gem/ruby/2.1.1/gems/actionpack-4.1.0/lib/action_dispatch/middleware/templates/rescues/_trace.html.erb (1.5ms)
  Rendered /home/action/.gem/ruby/2.1.1/gems/actionpack-4.1.0/lib/action_dispatch/middleware/templates/rescues/_request_and_response.html.erb (1.2ms)
  Rendered /home/action/.gem/ruby/2.1.1/gems/actionpack-4.1.0/lib/action_dispatch/middleware/templates/rescues/template_error.html.erb within rescues/layout (15.6ms)


Started GET "/photos" for 217.217.108.76 at 2015-06-06 13:46:36 +0000
Processing by PhotosController#index as HTML
  [1m[36mPhoto Load (0.3ms)[0m  [1mSELECT "photos".* FROM "photos"[0m
  Rendered photos/index.html.erb within layouts/application (3.2ms)
  Rendered photos/_form.html.erb (0.8ms)
Completed 500 Internal Server Error in 111ms

ActionView::Template::Error (First argument in form cannot contain nil or be empty):
    1: <%= form_for( @photo ) do |f| %>
    2:   <div id="upload_file">
    3:     <button class="upload_button">Upload photo</button>
    4: 
  app/views/photos/_form.html.erb:1:in `_app_views_photos__form_html_erb__4520968976722898726_70313936936580'
  app/views/layouts/application.html.erb:18:in `_app_views_layouts_application_html_erb__4121247139657744550_70313935409560'


  Rendered /home/action/.gem/ruby/2.1.1/gems/actionpack-4.1.0/lib/action_dispatch/middleware/templates/rescues/_trace.html.erb (1.3ms)
  Rendered /home/action/.gem/ruby/2.1.1/gems/actionpack-4.1.0/lib/action_dispatch/middleware/templates/rescues/_request_and_response.html.erb (0.9ms)
  Rendered /home/action/.gem/ruby/2.1.1/gems/actionpack-4.1.0/lib/action_dispatch/middleware/templates/rescues/template_error.html.erb within rescues/layout (18.1ms)


Started GET "/photos/1" for 217.217.108.76 at 2015-06-06 13:46:59 +0000
Processing by PhotosController#show as HTML
  Parameters: {"id"=>"1"}
  [1m[35mPhoto Load (0.3ms)[0m  SELECT  "photos".* FROM "photos"  WHERE "photos"."id" = ? LIMIT 1  [["id", 1]]
  Rendered photos/show.html.erb within layouts/application (4.0ms)
Completed 500 Internal Server Error in 8ms

ActionView::Template::Error (undefined method `each' for nil:NilClass):
     6:         Delete photo
     7:         <%= image_tag "delete.png" %>
     8:       </a>
     9:       <% @comments.each do |comment| %>
    10:         <div class="comment"><%= comment.text %></div>
    11:       <% end %>
    12:       <%= render "comments/form" %>
  app/views/photos/show.html.erb:9:in `_app_views_photos_show_html_erb__236134823553940267_70313940391660'


  Rendered /home/action/.gem/ruby/2.1.1/gems/actionpack-4.1.0/lib/action_dispatch/middleware/templates/rescues/_trace.html.erb (1.2ms)
  Rendered /home/action/.gem/ruby/2.1.1/gems/actionpack-4.1.0/lib/action_dispatch/middleware/templates/rescues/_request_and_response.html.erb (0.8ms)
  Rendered /home/action/.gem/ruby/2.1.1/gems/actionpack-4.1.0/lib/action_dispatch/middleware/templates/rescues/template_error.html.erb within rescues/layout (14.4ms)


Started GET "/" for 217.217.108.76 at 2015-06-06 14:21:40 +0000
  [1m[36mActiveRecord::SchemaMigration Load (0.1ms)[0m  [1mSELECT "schema_migrations".* FROM "schema_migrations"[0m
Processing by Rails::WelcomeController#index as HTML
  Rendered /home/action/.gem/ruby/2.1.1/gems/railties-4.1.0/lib/rails/templates/rails/welcome/index.html.erb (2.0ms)
Completed 200 OK in 27ms (Views: 8.5ms | ActiveRecord: 0.0ms)


Started GET "/photos" for 217.217.108.76 at 2015-06-06 14:21:56 +0000
Processing by PhotosController#index as HTML
  [1m[35mPhoto Load (0.3ms)[0m  SELECT "photos".* FROM "photos"
  Rendered photos/index.html.erb within layouts/application (5.8ms)
  Rendered photos/_form.html.erb (2.7ms)
Completed 500 Internal Server Error in 130ms

ActionView::Template::Error (First argument in form cannot contain nil or be empty):
    1: <%= form_for( @photo ) do |f| %>
    2:   <div id="upload_file">
    3:     <button class="upload_button">Upload photo</button>
    4: 
  app/views/photos/_form.html.erb:1:in `_app_views_photos__form_html_erb__2214924482372507352_70040700805020'
  app/views/layouts/application.html.erb:18:in `_app_views_layouts_application_html_erb___1926123182316316856_70040690345220'


  Rendered /home/action/.gem/ruby/2.1.1/gems/actionpack-4.1.0/lib/action_dispatch/middleware/templates/rescues/_trace.html.erb (1.3ms)
  Rendered /home/action/.gem/ruby/2.1.1/gems/actionpack-4.1.0/lib/action_dispatch/middleware/templates/rescues/_request_and_response.html.erb (0.8ms)
  Rendered /home/action/.gem/ruby/2.1.1/gems/actionpack-4.1.0/lib/action_dispatch/middleware/templates/rescues/template_error.html.erb within rescues/layout (14.5ms)


Started GET "/photos" for 217.217.108.76 at 2015-06-06 14:26:15 +0000
Processing by PhotosController#index as HTML
  [1m[36mPhoto Load (0.2ms)[0m  [1mSELECT "photos".* FROM "photos"[0m
  Rendered photos/index.html.erb within layouts/application (2.7ms)
  Rendered photos/_form.html.erb (1.2ms)
Completed 500 Internal Server Error in 95ms

ActionView::Template::Error (First argument in form cannot contain nil or be empty):
    1: <%= form_for @photo, html: { multipart: true } do |f| %>
    2:   <div id="upload_file">
    3:     <button class="upload_button">Upload photo</button>
    4: 
  app/views/photos/_form.html.erb:1:in `_app_views_photos__form_html_erb__2214924482372507352_70040583035960'
  app/views/layouts/application.html.erb:18:in `_app_views_layouts_application_html_erb___1926123182316316856_70040690345220'


  Rendered /home/action/.gem/ruby/2.1.1/gems/actionpack-4.1.0/lib/action_dispatch/middleware/templates/rescues/_trace.html.erb (1.2ms)
  Rendered /home/action/.gem/ruby/2.1.1/gems/actionpack-4.1.0/lib/action_dispatch/middleware/templates/rescues/_request_and_response.html.erb (0.8ms)
  Rendered /home/action/.gem/ruby/2.1.1/gems/actionpack-4.1.0/lib/action_dispatch/middleware/templates/rescues/template_error.html.erb within rescues/layout (14.4ms)


Started GET "/photos" for 217.217.108.76 at 2015-06-06 14:29:40 +0000
Processing by PhotosController#index as HTML
  [1m[35mPhoto Load (0.2ms)[0m  SELECT "photos".* FROM "photos"
  Rendered photos/index.html.erb within layouts/application (3.0ms)
  Rendered photos/_form.html.erb (1.2ms)
Completed 500 Internal Server Error in 65ms

ActionView::Template::Error (First argument in form cannot contain nil or be empty):
    1: <%= form_for @photo, html: { multipart: true } do |f| %>
    2:   <div id="upload_file">
    3:     <button class="upload_button">Upload photo</button>
    4: 
  app/views/photos/_form.html.erb:1:in `_app_views_photos__form_html_erb__2214924482372507352_70040698185440'
  app/views/layouts/application.html.erb:18:in `_app_views_layouts_application_html_erb___1926123182316316856_70040690345220'


  Rendered /home/action/.gem/ruby/2.1.1/gems/actionpack-4.1.0/lib/action_dispatch/middleware/templates/rescues/_trace.html.erb (1.2ms)
  Rendered /home/action/.gem/ruby/2.1.1/gems/actionpack-4.1.0/lib/action_dispatch/middleware/templates/rescues/_request_and_response.html.erb (1.0ms)
  Rendered /home/action/.gem/ruby/2.1.1/gems/actionpack-4.1.0/lib/action_dispatch/middleware/templates/rescues/template_error.html.erb within rescues/layout (14.7ms)


Started GET "/photos" for 217.217.108.76 at 2015-06-06 14:29:52 +0000
Processing by PhotosController#index as HTML
  [1m[36mPhoto Load (0.3ms)[0m  [1mSELECT "photos".* FROM "photos"[0m
  Rendered photos/index.html.erb within layouts/application (2.4ms)
  Rendered photos/_form.html.erb (0.8ms)
Completed 500 Internal Server Error in 69ms

ActionView::Template::Error (First argument in form cannot contain nil or be empty):
    1: <%= form_for @photo, html: { multipart: true } do |f| %>
    2:   <div id="upload_file">
    3:     <button class="upload_button">Upload photo</button>
    4: 
  app/views/photos/_form.html.erb:1:in `_app_views_photos__form_html_erb__2214924482372507352_70040698185440'
  app/views/layouts/application.html.erb:18:in `_app_views_layouts_application_html_erb___1926123182316316856_70040690345220'


  Rendered /home/action/.gem/ruby/2.1.1/gems/actionpack-4.1.0/lib/action_dispatch/middleware/templates/rescues/_trace.html.erb (1.1ms)
  Rendered /home/action/.gem/ruby/2.1.1/gems/actionpack-4.1.0/lib/action_dispatch/middleware/templates/rescues/_request_and_response.html.erb (0.8ms)
  Rendered /home/action/.gem/ruby/2.1.1/gems/actionpack-4.1.0/lib/action_dispatch/middleware/templates/rescues/template_error.html.erb within rescues/layout (14.3ms)


Started GET "/photos" for 217.217.108.76 at 2015-06-06 14:31:49 +0000
  [1m[36mActiveRecord::SchemaMigration Load (0.1ms)[0m  [1mSELECT "schema_migrations".* FROM "schema_migrations"[0m
Processing by PhotosController#index as HTML
  [1m[35mPhoto Load (0.3ms)[0m  SELECT "photos".* FROM "photos"
  Rendered photos/index.html.erb within layouts/application (7.0ms)
  Rendered photos/_form.html.erb (2.7ms)
Completed 500 Internal Server Error in 177ms

ActionView::Template::Error (First argument in form cannot contain nil or be empty):
    1: <%= form_for @photo, html: { multipart: true } do |f| %>
    2:   <div id="upload_file">
    3:     <button class="upload_button">Upload photo</button>
    4: 
  app/views/photos/_form.html.erb:1:in `_app_views_photos__form_html_erb___4080785485872759653_69821626399840'
  app/views/layouts/application.html.erb:18:in `_app_views_layouts_application_html_erb___2432619873689978361_69821616022980'


  Rendered /home/action/.gem/ruby/2.1.1/gems/actionpack-4.1.0/lib/action_dispatch/middleware/templates/rescues/_trace.html.erb (1.2ms)
  Rendered /home/action/.gem/ruby/2.1.1/gems/actionpack-4.1.0/lib/action_dispatch/middleware/templates/rescues/_request_and_response.html.erb (0.8ms)
  Rendered /home/action/.gem/ruby/2.1.1/gems/actionpack-4.1.0/lib/action_dispatch/middleware/templates/rescues/template_error.html.erb within rescues/layout (14.6ms)


Started GET "/photos/new" for 217.217.108.76 at 2015-06-06 14:32:00 +0000
Processing by PhotosController#new as HTML
  Rendered photos/_form.html.erb (12.1ms)
  Rendered photos/new.html.erb within layouts/application (13.4ms)
  Rendered photos/_form.html.erb (0.7ms)
Completed 200 OK in 82ms (Views: 81.8ms | ActiveRecord: 0.0ms)


Started GET "/assets/comments.css?body=1" for 217.217.108.76 at 2015-06-06 14:32:01 +0000


Started GET "/assets/jquery.js?body=1" for 217.217.108.76 at 2015-06-06 14:32:01 +0000


Started GET "/assets/vendor.css?body=1" for 217.217.108.76 at 2015-06-06 14:32:01 +0000


Started GET "/assets/scaffolds.css?body=1" for 217.217.108.76 at 2015-06-06 14:32:01 +0000


Started GET "/assets/photos.css?body=1" for 217.217.108.76 at 2015-06-06 14:32:01 +0000


Started GET "/assets/main.css?body=1" for 217.217.108.76 at 2015-06-06 14:32:01 +0000


Started GET "/assets/application.css?body=1" for 217.217.108.76 at 2015-06-06 14:32:01 +0000


Started GET "/assets/turbolinks.js?body=1" for 217.217.108.76 at 2015-06-06 14:32:01 +0000


Started GET "/assets/comments.js?body=1" for 217.217.108.76 at 2015-06-06 14:32:01 +0000


Started GET "/assets/photos.js?body=1" for 217.217.108.76 at 2015-06-06 14:32:01 +0000


Started GET "/assets/jquery_ujs.js?body=1" for 217.217.108.76 at 2015-06-06 14:32:01 +0000


Started GET "/assets/application.js?body=1" for 217.217.108.76 at 2015-06-06 14:32:01 +0000


Started POST "/photos" for 217.217.108.76 at 2015-06-06 14:32:08 +0000
Processing by PhotosController#create as HTML
  Parameters: {"utf8"=>"✓", "authenticity_token"=>"/7wCluAaMBvFSSqkCojnHrpGvhi+u3T/4QzXpH0eFHw="}
Completed 400 Bad Request in 1ms

ActionController::ParameterMissing (param is missing or the value is empty: photo):
  app/controllers/photos_controller.rb:72:in `photo_params'
  app/controllers/photos_controller.rb:27:in `create'


  Rendered /home/action/.gem/ruby/2.1.1/gems/actionpack-4.1.0/lib/action_dispatch/middleware/templates/rescues/_source.erb (0.6ms)
  Rendered /home/action/.gem/ruby/2.1.1/gems/actionpack-4.1.0/lib/action_dispatch/middleware/templates/rescues/_trace.html.erb (1.4ms)
  Rendered /home/action/.gem/ruby/2.1.1/gems/actionpack-4.1.0/lib/action_dispatch/middleware/templates/rescues/_request_and_response.html.erb (1.0ms)
  Rendered /home/action/.gem/ruby/2.1.1/gems/actionpack-4.1.0/lib/action_dispatch/middleware/templates/rescues/diagnostics.erb within rescues/layout (21.0ms)


Started POST "/photos" for 217.217.108.76 at 2015-06-06 14:32:14 +0000
Processing by PhotosController#create as HTML
  Parameters: {"utf8"=>"✓", "authenticity_token"=>"/7wCluAaMBvFSSqkCojnHrpGvhi+u3T/4QzXpH0eFHw="}
Completed 400 Bad Request in 1ms

ActionController::ParameterMissing (param is missing or the value is empty: photo):
  app/controllers/photos_controller.rb:72:in `photo_params'
  app/controllers/photos_controller.rb:27:in `create'


  Rendered /home/action/.gem/ruby/2.1.1/gems/actionpack-4.1.0/lib/action_dispatch/middleware/templates/rescues/_source.erb (0.7ms)
  Rendered /home/action/.gem/ruby/2.1.1/gems/actionpack-4.1.0/lib/action_dispatch/middleware/templates/rescues/_trace.html.erb (1.4ms)
  Rendered /home/action/.gem/ruby/2.1.1/gems/actionpack-4.1.0/lib/action_dispatch/middleware/templates/rescues/_request_and_response.html.erb (1.0ms)
  Rendered /home/action/.gem/ruby/2.1.1/gems/actionpack-4.1.0/lib/action_dispatch/middleware/templates/rescues/diagnostics.erb within rescues/layout (21.0ms)


Started POST "/photos" for 217.217.108.76 at 2015-06-06 14:41:17 +0000
Processing by PhotosController#create as HTML
  Parameters: {"utf8"=>"✓", "authenticity_token"=>"/7wCluAaMBvFSSqkCojnHrpGvhi+u3T/4QzXpH0eFHw="}
Completed 400 Bad Request in 1ms

ActionController::ParameterMissing (param is missing or the value is empty: photo):
  app/controllers/photos_controller.rb:72:in `photo_params'
  app/controllers/photos_controller.rb:27:in `create'


  Rendered /home/action/.gem/ruby/2.1.1/gems/actionpack-4.1.0/lib/action_dispatch/middleware/templates/rescues/_source.erb (0.7ms)
  Rendered /home/action/.gem/ruby/2.1.1/gems/actionpack-4.1.0/lib/action_dispatch/middleware/templates/rescues/_trace.html.erb (1.5ms)
  Rendered /home/action/.gem/ruby/2.1.1/gems/actionpack-4.1.0/lib/action_dispatch/middleware/templates/rescues/_request_and_response.html.erb (1.0ms)
  Rendered /home/action/.gem/ruby/2.1.1/gems/actionpack-4.1.0/lib/action_dispatch/middleware/templates/rescues/diagnostics.erb within rescues/layout (21.0ms)


Started GET "/photos" for 217.217.108.76 at 2015-06-06 14:42:52 +0000
Processing by PhotosController#index as HTML
  [1m[36mPhoto Load (0.2ms)[0m  [1mSELECT "photos".* FROM "photos"[0m
  Rendered photos/index.html.erb within layouts/application (3.1ms)
  Rendered photos/_form.html.erb (1.2ms)
Completed 500 Internal Server Error in 77ms

ActionView::Template::Error (First argument in form cannot contain nil or be empty):
    1: <%= form_for @photo, html: { multipart: true } do |f| %>
    2:   <div id="upload_file">
    3:     <button class="upload_button">Upload photo</button>
    4: 
  app/views/photos/_form.html.erb:1:in `_app_views_photos__form_html_erb___4080785485872759653_69821630224720'
  app/views/layouts/application.html.erb:18:in `_app_views_layouts_application_html_erb___2432619873689978361_69821616022980'


  Rendered /home/action/.gem/ruby/2.1.1/gems/actionpack-4.1.0/lib/action_dispatch/middleware/templates/rescues/_trace.html.erb (1.4ms)
  Rendered /home/action/.gem/ruby/2.1.1/gems/actionpack-4.1.0/lib/action_dispatch/middleware/templates/rescues/_request_and_response.html.erb (1.0ms)
  Rendered /home/action/.gem/ruby/2.1.1/gems/actionpack-4.1.0/lib/action_dispatch/middleware/templates/rescues/template_error.html.erb within rescues/layout (15.0ms)


Started GET "/photos" for 217.217.108.76 at 2015-06-06 14:42:53 +0000
Processing by PhotosController#index as HTML
  [1m[35mPhoto Load (0.2ms)[0m  SELECT "photos".* FROM "photos"
  Rendered photos/index.html.erb within layouts/application (2.8ms)
  Rendered photos/_form.html.erb (0.8ms)
Completed 500 Internal Server Error in 64ms

ActionView::Template::Error (First argument in form cannot contain nil or be empty):
    1: <%= form_for @photo, html: { multipart: true } do |f| %>
    2:   <div id="upload_file">
    3:     <button class="upload_button">Upload photo</button>
    4: 
  app/views/photos/_form.html.erb:1:in `_app_views_photos__form_html_erb___4080785485872759653_69821630224720'
  app/views/layouts/application.html.erb:18:in `_app_views_layouts_application_html_erb___2432619873689978361_69821616022980'


  Rendered /home/action/.gem/ruby/2.1.1/gems/actionpack-4.1.0/lib/action_dispatch/middleware/templates/rescues/_trace.html.erb (1.1ms)
  Rendered /home/action/.gem/ruby/2.1.1/gems/actionpack-4.1.0/lib/action_dispatch/middleware/templates/rescues/_request_and_response.html.erb (0.9ms)
  Rendered /home/action/.gem/ruby/2.1.1/gems/actionpack-4.1.0/lib/action_dispatch/middleware/templates/rescues/template_error.html.erb within rescues/layout (14.7ms)


Started GET "/photos" for 217.217.108.76 at 2015-06-06 14:44:36 +0000
Processing by PhotosController#index as HTML
  [1m[36mPhoto Load (0.2ms)[0m  [1mSELECT "photos".* FROM "photos"[0m
  Rendered photos/index.html.erb within layouts/application (2.6ms)
  Rendered photos/_form.html.erb (3.3ms)
Completed 200 OK in 77ms (Views: 70.1ms | ActiveRecord: 0.7ms)


Started GET "/assets/comments.css?body=1" for 217.217.108.76 at 2015-06-06 14:44:36 +0000


Started GET "/assets/main.css?body=1" for 217.217.108.76 at 2015-06-06 14:44:36 +0000


Started GET "/assets/photos.css?body=1" for 217.217.108.76 at 2015-06-06 14:44:36 +0000


Started GET "/assets/scaffolds.css?body=1" for 217.217.108.76 at 2015-06-06 14:44:36 +0000


Started GET "/assets/vendor.css?body=1" for 217.217.108.76 at 2015-06-06 14:44:36 +0000


Started GET "/assets/jquery.js?body=1" for 217.217.108.76 at 2015-06-06 14:44:36 +0000


Started GET "/assets/application.css?body=1" for 217.217.108.76 at 2015-06-06 14:44:36 +0000


Started GET "/assets/turbolinks.js?body=1" for 217.217.108.76 at 2015-06-06 14:44:37 +0000


Started GET "/assets/jquery_ujs.js?body=1" for 217.217.108.76 at 2015-06-06 14:44:37 +0000


Started GET "/assets/comments.js?body=1" for 217.217.108.76 at 2015-06-06 14:44:37 +0000


Started GET "/assets/photos.js?body=1" for 217.217.108.76 at 2015-06-06 14:44:37 +0000


Started GET "/assets/application.js?body=1" for 217.217.108.76 at 2015-06-06 14:44:37 +0000


Started GET "/assets/coment-relaxed.png" for 217.217.108.76 at 2015-06-06 14:44:37 +0000


Started GET "/uploads/photo/picture/4/hola" for 217.217.108.76 at 2015-06-06 14:44:37 +0000

ActionController::RoutingError (No route matches [GET] "/uploads/photo/picture/4/hola"):
  actionpack (4.1.0) lib/action_dispatch/middleware/debug_exceptions.rb:21:in `call'
  actionpack (4.1.0) lib/action_dispatch/middleware/show_exceptions.rb:30:in `call'
  railties (4.1.0) lib/rails/rack/logger.rb:38:in `call_app'
  railties (4.1.0) lib/rails/rack/logger.rb:20:in `block in call'
  activesupport (4.1.0) lib/active_support/tagged_logging.rb:68:in `block in tagged'
  activesupport (4.1.0) lib/active_support/tagged_logging.rb:26:in `tagged'
  activesupport (4.1.0) lib/active_support/tagged_logging.rb:68:in `tagged'
  railties (4.1.0) lib/rails/rack/logger.rb:20:in `call'
  actionpack (4.1.0) lib/action_dispatch/middleware/request_id.rb:21:in `call'
  rack (1.5.3) lib/rack/methodoverride.rb:21:in `call'
  rack (1.5.3) lib/rack/runtime.rb:17:in `call'
  activesupport (4.1.0) lib/active_support/cache/strategy/local_cache_middleware.rb:26:in `call'
  rack (1.5.3) lib/rack/lock.rb:17:in `call'
  actionpack (4.1.0) lib/action_dispatch/middleware/static.rb:64:in `call'
  rack (1.5.3) lib/rack/sendfile.rb:112:in `call'
  railties (4.1.0) lib/rails/engine.rb:514:in `call'
  railties (4.1.0) lib/rails/application.rb:144:in `call'
  rack (1.5.3) lib/rack/lock.rb:17:in `call'
  rack (1.5.3) lib/rack/content_length.rb:14:in `call'
  rack (1.5.3) lib/rack/handler/webrick.rb:60:in `service'
  /home/action/.parts/packages/ruby2.1/2.1.1/lib/ruby/2.1.0/webrick/httpserver.rb:138:in `service'
  /home/action/.parts/packages/ruby2.1/2.1.1/lib/ruby/2.1.0/webrick/httpserver.rb:94:in `run'
  /home/action/.parts/packages/ruby2.1/2.1.1/lib/ruby/2.1.0/webrick/server.rb:295:in `block in start_thread'


  Rendered /home/action/.gem/ruby/2.1.1/gems/actionpack-4.1.0/lib/action_dispatch/middleware/templates/rescues/_trace.html.erb (1.1ms)
  Rendered /home/action/.gem/ruby/2.1.1/gems/actionpack-4.1.0/lib/action_dispatch/middleware/templates/routes/_route.html.erb (1.6ms)
  Rendered /home/action/.gem/ruby/2.1.1/gems/actionpack-4.1.0/lib/action_dispatch/middleware/templates/routes/_table.html.erb (2.2ms)
  Rendered /home/action/.gem/ruby/2.1.1/gems/actionpack-4.1.0/lib/action_dispatch/middleware/templates/rescues/routing_error.html.erb within rescues/layout (27.4ms)


Started GET "/photos" for 217.217.108.76 at 2015-06-06 14:44:56 +0000
Processing by PhotosController#index as HTML
  [1m[35mPhoto Load (0.2ms)[0m  SELECT "photos".* FROM "photos"
  Rendered photos/index.html.erb within layouts/application (2.6ms)
  Rendered photos/_form.html.erb (1.3ms)
Completed 200 OK in 71ms (Views: 69.5ms | ActiveRecord: 0.2ms)


Started GET "/assets/comments.css?body=1" for 217.217.108.76 at 2015-06-06 14:44:56 +0000


Started GET "/assets/photos.css?body=1" for 217.217.108.76 at 2015-06-06 14:44:57 +0000


Started GET "/assets/scaffolds.css?body=1" for 217.217.108.76 at 2015-06-06 14:44:57 +0000


Started GET "/assets/application.css?body=1" for 217.217.108.76 at 2015-06-06 14:44:57 +0000


Started GET "/assets/jquery.js?body=1" for 217.217.108.76 at 2015-06-06 14:44:57 +0000


Started GET "/assets/vendor.css?body=1" for 217.217.108.76 at 2015-06-06 14:44:57 +0000


Started GET "/assets/main.css?body=1" for 217.217.108.76 at 2015-06-06 14:44:57 +0000


Started GET "/assets/jquery_ujs.js?body=1" for 217.217.108.76 at 2015-06-06 14:44:57 +0000


Started GET "/assets/turbolinks.js?body=1" for 217.217.108.76 at 2015-06-06 14:44:57 +0000


Started GET "/assets/coment-relaxed.png" for 217.217.108.76 at 2015-06-06 14:44:57 +0000


Started GET "/assets/comments.js?body=1" for 217.217.108.76 at 2015-06-06 14:44:57 +0000


Started GET "/assets/photos.js?body=1" for 217.217.108.76 at 2015-06-06 14:44:57 +0000


Started GET "/assets/application.js?body=1" for 217.217.108.76 at 2015-06-06 14:44:57 +0000


Started GET "/uploads/photo/picture/4/hola" for 217.217.108.76 at 2015-06-06 14:44:57 +0000

ActionController::RoutingError (No route matches [GET] "/uploads/photo/picture/4/hola"):
  actionpack (4.1.0) lib/action_dispatch/middleware/debug_exceptions.rb:21:in `call'
  actionpack (4.1.0) lib/action_dispatch/middleware/show_exceptions.rb:30:in `call'
  railties (4.1.0) lib/rails/rack/logger.rb:38:in `call_app'
  railties (4.1.0) lib/rails/rack/logger.rb:20:in `block in call'
  activesupport (4.1.0) lib/active_support/tagged_logging.rb:68:in `block in tagged'
  activesupport (4.1.0) lib/active_support/tagged_logging.rb:26:in `tagged'
  activesupport (4.1.0) lib/active_support/tagged_logging.rb:68:in `tagged'
  railties (4.1.0) lib/rails/rack/logger.rb:20:in `call'
  actionpack (4.1.0) lib/action_dispatch/middleware/request_id.rb:21:in `call'
  rack (1.5.3) lib/rack/methodoverride.rb:21:in `call'
  rack (1.5.3) lib/rack/runtime.rb:17:in `call'
  activesupport (4.1.0) lib/active_support/cache/strategy/local_cache_middleware.rb:26:in `call'
  rack (1.5.3) lib/rack/lock.rb:17:in `call'
  actionpack (4.1.0) lib/action_dispatch/middleware/static.rb:64:in `call'
  rack (1.5.3) lib/rack/sendfile.rb:112:in `call'
  railties (4.1.0) lib/rails/engine.rb:514:in `call'
  railties (4.1.0) lib/rails/application.rb:144:in `call'
  rack (1.5.3) lib/rack/lock.rb:17:in `call'
  rack (1.5.3) lib/rack/content_length.rb:14:in `call'
  rack (1.5.3) lib/rack/handler/webrick.rb:60:in `service'
  /home/action/.parts/packages/ruby2.1/2.1.1/lib/ruby/2.1.0/webrick/httpserver.rb:138:in `service'
  /home/action/.parts/packages/ruby2.1/2.1.1/lib/ruby/2.1.0/webrick/httpserver.rb:94:in `run'
  /home/action/.parts/packages/ruby2.1/2.1.1/lib/ruby/2.1.0/webrick/server.rb:295:in `block in start_thread'


  Rendered /home/action/.gem/ruby/2.1.1/gems/actionpack-4.1.0/lib/action_dispatch/middleware/templates/rescues/_trace.html.erb (1.0ms)
  Rendered /home/action/.gem/ruby/2.1.1/gems/actionpack-4.1.0/lib/action_dispatch/middleware/templates/routes/_route.html.erb (1.8ms)
  Rendered /home/action/.gem/ruby/2.1.1/gems/actionpack-4.1.0/lib/action_dispatch/middleware/templates/routes/_table.html.erb (1.0ms)
  Rendered /home/action/.gem/ruby/2.1.1/gems/actionpack-4.1.0/lib/action_dispatch/middleware/templates/rescues/routing_error.html.erb within rescues/layout (25.7ms)


Started GET "/assets/coment-relaxed.png" for 217.217.108.76 at 2015-06-06 14:44:57 +0000


Started GET "/photos" for 217.217.108.76 at 2015-06-06 14:46:04 +0000
Processing by PhotosController#index as HTML
  [1m[36mPhoto Load (0.2ms)[0m  [1mSELECT "photos".* FROM "photos"[0m
  Rendered photos/index.html.erb within layouts/application (2.7ms)
  Rendered photos/_form.html.erb (1.5ms)
Completed 200 OK in 72ms (Views: 71.3ms | ActiveRecord: 0.2ms)


Started GET "/assets/comments.css?body=1" for 217.217.108.76 at 2015-06-06 14:46:04 +0000


Started GET "/assets/application.css?body=1" for 217.217.108.76 at 2015-06-06 14:46:04 +0000


Started GET "/assets/scaffolds.css?body=1" for 217.217.108.76 at 2015-06-06 14:46:04 +0000


Started GET "/assets/main.css?body=1" for 217.217.108.76 at 2015-06-06 14:46:04 +0000


Started GET "/assets/photos.css?body=1" for 217.217.108.76 at 2015-06-06 14:46:04 +0000


Started GET "/assets/jquery.js?body=1" for 217.217.108.76 at 2015-06-06 14:46:04 +0000


Started GET "/assets/vendor.css?body=1" for 217.217.108.76 at 2015-06-06 14:46:04 +0000


Started GET "/assets/jquery_ujs.js?body=1" for 217.217.108.76 at 2015-06-06 14:46:04 +0000


Started GET "/assets/coment-relaxed.png" for 217.217.108.76 at 2015-06-06 14:46:04 +0000


Started GET "/assets/application.js?body=1" for 217.217.108.76 at 2015-06-06 14:46:04 +0000


Started GET "/assets/turbolinks.js?body=1" for 217.217.108.76 at 2015-06-06 14:46:04 +0000


Started GET "/assets/comments.js?body=1" for 217.217.108.76 at 2015-06-06 14:46:04 +0000


Started GET "/assets/photos.js?body=1" for 217.217.108.76 at 2015-06-06 14:46:04 +0000


Started GET "/uploads/photo/picture/4/hola" for 217.217.108.76 at 2015-06-06 14:46:04 +0000

ActionController::RoutingError (No route matches [GET] "/uploads/photo/picture/4/hola"):
  actionpack (4.1.0) lib/action_dispatch/middleware/debug_exceptions.rb:21:in `call'
  actionpack (4.1.0) lib/action_dispatch/middleware/show_exceptions.rb:30:in `call'
  railties (4.1.0) lib/rails/rack/logger.rb:38:in `call_app'
  railties (4.1.0) lib/rails/rack/logger.rb:20:in `block in call'
  activesupport (4.1.0) lib/active_support/tagged_logging.rb:68:in `block in tagged'
  activesupport (4.1.0) lib/active_support/tagged_logging.rb:26:in `tagged'
  activesupport (4.1.0) lib/active_support/tagged_logging.rb:68:in `tagged'
  railties (4.1.0) lib/rails/rack/logger.rb:20:in `call'
  actionpack (4.1.0) lib/action_dispatch/middleware/request_id.rb:21:in `call'
  rack (1.5.3) lib/rack/methodoverride.rb:21:in `call'
  rack (1.5.3) lib/rack/runtime.rb:17:in `call'
  activesupport (4.1.0) lib/active_support/cache/strategy/local_cache_middleware.rb:26:in `call'
  rack (1.5.3) lib/rack/lock.rb:17:in `call'
  actionpack (4.1.0) lib/action_dispatch/middleware/static.rb:64:in `call'
  rack (1.5.3) lib/rack/sendfile.rb:112:in `call'
  railties (4.1.0) lib/rails/engine.rb:514:in `call'
  railties (4.1.0) lib/rails/application.rb:144:in `call'
  rack (1.5.3) lib/rack/lock.rb:17:in `call'
  rack (1.5.3) lib/rack/content_length.rb:14:in `call'
  rack (1.5.3) lib/rack/handler/webrick.rb:60:in `service'
  /home/action/.parts/packages/ruby2.1/2.1.1/lib/ruby/2.1.0/webrick/httpserver.rb:138:in `service'
  /home/action/.parts/packages/ruby2.1/2.1.1/lib/ruby/2.1.0/webrick/httpserver.rb:94:in `run'
  /home/action/.parts/packages/ruby2.1/2.1.1/lib/ruby/2.1.0/webrick/server.rb:295:in `block in start_thread'


  Rendered /home/action/.gem/ruby/2.1.1/gems/actionpack-4.1.0/lib/action_dispatch/middleware/templates/rescues/_trace.html.erb (1.2ms)
  Rendered /home/action/.gem/ruby/2.1.1/gems/actionpack-4.1.0/lib/action_dispatch/middleware/templates/routes/_route.html.erb (2.0ms)
  Rendered /home/action/.gem/ruby/2.1.1/gems/actionpack-4.1.0/lib/action_dispatch/middleware/templates/routes/_table.html.erb (1.1ms)
  Rendered /home/action/.gem/ruby/2.1.1/gems/actionpack-4.1.0/lib/action_dispatch/middleware/templates/rescues/routing_error.html.erb within rescues/layout (27.2ms)


Started GET "/assets/coment-relaxed.png" for 217.217.108.76 at 2015-06-06 14:46:05 +0000
